<?xml version="1.0" encoding="UTF-8"?>
<testsuite name="com.rockbitegames.validator.MaterialValidateTest" tests="1" skipped="0" failures="0" errors="0" timestamp="2024-04-20T09:57:49" hostname="garik" time="0.001">
  <properties/>
  <testcase name="validateMaterial()" classname="com.rockbitegames.validator.MaterialValidateTest" time="0.001"/>
  <system-out><![CDATA[]]></system-out>
  <system-err><![CDATA[]]></system-err>
</testsuite>
