<?xml version="1.0" encoding="UTF-8"?>
<testsuite name="com.rockbitegames.service.MaterialEntityServiceTest" tests="4" skipped="0" failures="0" errors="0" timestamp="2024-04-19T06:43:54" hostname="garik" time="0.029">
  <properties/>
  <testcase name="removeMaterial()" classname="com.rockbitegames.service.MaterialEntityServiceTest" time="0.009"/>
  <testcase name="addMaterial()" classname="com.rockbitegames.service.MaterialEntityServiceTest" time="0.008"/>
  <testcase name="moveMaterial()" classname="com.rockbitegames.service.MaterialEntityServiceTest" time="0.006"/>
  <testcase name="createMaterial()" classname="com.rockbitegames.service.MaterialEntityServiceTest" time="0.002"/>
  <system-out><![CDATA[2024-04-19T10:43:54.777+04:00  INFO 37639 --- [Rockbitegames] [    Test worker] t.c.s.AnnotationConfigContextLoaderUtils : Could not detect default configuration classes for test class [com.rockbitegames.service.MaterialEntityServiceTest]: MaterialEntityServiceTest does not declare any static, non-private, non-final, nested classes annotated with @Configuration.
2024-04-19T10:43:54.786+04:00  INFO 37639 --- [Rockbitegames] [    Test worker] .b.t.c.SpringBootTestContextBootstrapper : Found @SpringBootConfiguration com.rockbitegames.RockbitegamesApplication for test class com.rockbitegames.service.MaterialEntityServiceTest
2024-04-19T10:43:54.793+04:00  INFO 37639 --- [Rockbitegames] [    Test worker] c.r.observer.PlayerNotificationSender    : ######################################################################################
2024-04-19T10:43:54.795+04:00  INFO 37639 --- [Rockbitegames] [    Test worker] c.r.observer.PlayerNotificationSender    : ---------------------PLAYER NOTIFICATION: SENDING....----------------------------------
2024-04-19T10:43:54.795+04:00  INFO 37639 --- [Rockbitegames] [    Test worker] c.r.observer.PlayerNotificationSender    : Event, Player 79fd74b6-772f-41d6-941a-5d74ad06a855 warehouse [f65e2163-125a-45ac-bf67-0f12007fc306,c54b3ea8-26e3-4de2-8605-613650860ecd], material :  event=WAREHOUSE IS CREATED 
2024-04-19T10:43:54.795+04:00  INFO 37639 --- [Rockbitegames] [    Test worker] c.r.observer.PlayerNotificationSender    : ######################################################################################
2024-04-19T10:43:54.795+04:00  INFO 37639 --- [Rockbitegames] [    Test worker] c.rockbitegames.service.MaterialService  : Player 79fd74b6-772f-41d6-941a-5d74ad06a855, warehouse f65e2163-125a-45ac-bf67-0f12007fc306, material IRON could take 100 points.
2024-04-19T10:43:54.795+04:00  INFO 37639 --- [Rockbitegames] [    Test worker] c.r.observer.MaterialNotificationSender  : ######################################################################################
2024-04-19T10:43:54.795+04:00  INFO 37639 --- [Rockbitegames] [    Test worker] c.r.observer.MaterialNotificationSender  : ---------------------MATERIAL NOTIFICATION: SENDING....-------------------------------
2024-04-19T10:43:54.796+04:00  INFO 37639 --- [Rockbitegames] [    Test worker] c.r.observer.MaterialNotificationSender  : Event, Player 79fd74b6-772f-41d6-941a-5d74ad06a855 warehouse f65e2163-125a-45ac-bf67-0f12007fc306, material fc38ca94-ac2a-4c8b-a853-018668ac0455:  event=MATERIAL IS FULL 
2024-04-19T10:43:54.796+04:00  INFO 37639 --- [Rockbitegames] [    Test worker] c.r.observer.MaterialNotificationSender  : ######################################################################################
2024-04-19T10:43:54.796+04:00  INFO 37639 --- [Rockbitegames] [    Test worker] c.r.o.WarehouseNotificationSender        : ######################################################################################
2024-04-19T10:43:54.796+04:00  INFO 37639 --- [Rockbitegames] [    Test worker] c.r.o.WarehouseNotificationSender        : ---------------------WAREHOUSE NOTIFICATION: SENDING....------------------------------
2024-04-19T10:43:54.796+04:00  INFO 37639 --- [Rockbitegames] [    Test worker] c.r.o.WarehouseNotificationSender        : Event, Player 79fd74b6-772f-41d6-941a-5d74ad06a855 warehouse fc38ca94-ac2a-4c8b-a853-018668ac0455, material Iron:  event=WAREHOUSE: MATERIAL ADDITION 
2024-04-19T10:43:54.796+04:00  INFO 37639 --- [Rockbitegames] [    Test worker] c.r.o.WarehouseNotificationSender        : ######################################################################################
2024-04-19T10:43:54.796+04:00  INFO 37639 --- [Rockbitegames] [    Test worker] c.rockbitegames.service.MaterialService  : Player 79fd74b6-772f-41d6-941a-5d74ad06a855, warehouse f65e2163-125a-45ac-bf67-0f12007fc306, material IRON could take 0 points.
2024-04-19T10:43:54.796+04:00  INFO 37639 --- [Rockbitegames] [    Test worker] c.r.observer.MaterialNotificationSender  : ######################################################################################
2024-04-19T10:43:54.796+04:00  INFO 37639 --- [Rockbitegames] [    Test worker] c.r.observer.MaterialNotificationSender  : ---------------------MATERIAL NOTIFICATION: SENDING....-------------------------------
2024-04-19T10:43:54.797+04:00  INFO 37639 --- [Rockbitegames] [    Test worker] c.r.observer.MaterialNotificationSender  : Event, Player 79fd74b6-772f-41d6-941a-5d74ad06a855 warehouse f65e2163-125a-45ac-bf67-0f12007fc306, material fc38ca94-ac2a-4c8b-a853-018668ac0455:  event=MATERIAL IS FULL 
2024-04-19T10:43:54.797+04:00  INFO 37639 --- [Rockbitegames] [    Test worker] c.r.observer.MaterialNotificationSender  : ######################################################################################
2024-04-19T10:43:54.797+04:00  INFO 37639 --- [Rockbitegames] [    Test worker] c.rockbitegames.service.MaterialService  : Player 79fd74b6-772f-41d6-941a-5d74ad06a855, warehouse c54b3ea8-26e3-4de2-8605-613650860ecd, material IRON could take 100 points.
2024-04-19T10:43:54.797+04:00  INFO 37639 --- [Rockbitegames] [    Test worker] c.r.observer.MaterialNotificationSender  : ######################################################################################
2024-04-19T10:43:54.797+04:00  INFO 37639 --- [Rockbitegames] [    Test worker] c.r.observer.MaterialNotificationSender  : ---------------------MATERIAL NOTIFICATION: SENDING....-------------------------------
2024-04-19T10:43:54.797+04:00  INFO 37639 --- [Rockbitegames] [    Test worker] c.r.observer.MaterialNotificationSender  : Event, Player 79fd74b6-772f-41d6-941a-5d74ad06a855 warehouse c54b3ea8-26e3-4de2-8605-613650860ecd, material fc38ca94-ac2a-4c8b-a853-018668ac0455:  event=MATERIAL IS FULL 
2024-04-19T10:43:54.797+04:00  INFO 37639 --- [Rockbitegames] [    Test worker] c.r.observer.MaterialNotificationSender  : ######################################################################################
2024-04-19T10:43:54.797+04:00  INFO 37639 --- [Rockbitegames] [    Test worker] c.r.o.WarehouseNotificationSender        : ######################################################################################
2024-04-19T10:43:54.797+04:00  INFO 37639 --- [Rockbitegames] [    Test worker] c.r.o.WarehouseNotificationSender        : ---------------------WAREHOUSE NOTIFICATION: SENDING....------------------------------
2024-04-19T10:43:54.797+04:00  INFO 37639 --- [Rockbitegames] [    Test worker] c.r.o.WarehouseNotificationSender        : Event, Player 79fd74b6-772f-41d6-941a-5d74ad06a855 warehouse fc38ca94-ac2a-4c8b-a853-018668ac0455, material Iron:  event=WAREHOUSE: MATERIAL ADDITION 
2024-04-19T10:43:54.798+04:00  INFO 37639 --- [Rockbitegames] [    Test worker] c.r.o.WarehouseNotificationSender        : ######################################################################################
2024-04-19T10:43:54.798+04:00  WARN 37639 --- [Rockbitegames] [    Test worker] c.rockbitegames.service.MaterialService  : Player 79fd74b6-772f-41d6-941a-5d74ad06a853 is not found
2024-04-19T10:43:54.802+04:00  INFO 37639 --- [Rockbitegames] [    Test worker] c.r.observer.PlayerNotificationSender    : ######################################################################################
2024-04-19T10:43:54.802+04:00  INFO 37639 --- [Rockbitegames] [    Test worker] c.r.observer.PlayerNotificationSender    : ---------------------PLAYER NOTIFICATION: SENDING....----------------------------------
2024-04-19T10:43:54.802+04:00  INFO 37639 --- [Rockbitegames] [    Test worker] c.r.observer.PlayerNotificationSender    : Event, Player 79fd74b6-772f-41d6-941a-5d74ad06a854 warehouse [371098e0-fa3e-453b-be26-6dacc43c60a2,85610f51-6935-47f3-aa3e-9c8833a2cf20], material :  event=WAREHOUSE IS CREATED 
2024-04-19T10:43:54.802+04:00  INFO 37639 --- [Rockbitegames] [    Test worker] c.r.observer.PlayerNotificationSender    : ######################################################################################
2024-04-19T10:43:54.802+04:00  INFO 37639 --- [Rockbitegames] [    Test worker] c.rockbitegames.service.MaterialService  : Player 79fd74b6-772f-41d6-941a-5d74ad06a854, warehouse 371098e0-fa3e-453b-be26-6dacc43c60a2, material IRON could take 100 points.
2024-04-19T10:43:54.802+04:00  INFO 37639 --- [Rockbitegames] [    Test worker] c.rockbitegames.service.MaterialService  : Player 79fd74b6-772f-41d6-941a-5d74ad06a854, warehouse 371098e0-fa3e-453b-be26-6dacc43c60a2, material IRON capacity is 30 points.
2024-04-19T10:43:54.802+04:00  INFO 37639 --- [Rockbitegames] [    Test worker] c.r.o.WarehouseNotificationSender        : ######################################################################################
2024-04-19T10:43:54.802+04:00  INFO 37639 --- [Rockbitegames] [    Test worker] c.r.o.WarehouseNotificationSender        : ---------------------WAREHOUSE NOTIFICATION: SENDING....------------------------------
2024-04-19T10:43:54.803+04:00  INFO 37639 --- [Rockbitegames] [    Test worker] c.r.o.WarehouseNotificationSender        : Event, Player 79fd74b6-772f-41d6-941a-5d74ad06a854 warehouse fc38ca94-ac2a-4c8b-a853-018668ac0455, material Iron:  event=WAREHOUSE: MATERIAL ADDITION 
2024-04-19T10:43:54.803+04:00  INFO 37639 --- [Rockbitegames] [    Test worker] c.r.o.WarehouseNotificationSender        : ######################################################################################
2024-04-19T10:43:54.803+04:00  INFO 37639 --- [Rockbitegames] [    Test worker] c.rockbitegames.service.MaterialService  : Player 79fd74b6-772f-41d6-941a-5d74ad06a854, warehouse 371098e0-fa3e-453b-be26-6dacc43c60a2, material IRON could take 70 points.
2024-04-19T10:43:54.803+04:00  INFO 37639 --- [Rockbitegames] [    Test worker] c.rockbitegames.service.MaterialService  : Player 79fd74b6-772f-41d6-941a-5d74ad06a854, warehouse 371098e0-fa3e-453b-be26-6dacc43c60a2, material IRON capacity is 80 points.
2024-04-19T10:43:54.803+04:00  INFO 37639 --- [Rockbitegames] [    Test worker] c.rockbitegames.service.MaterialService  : Player 79fd74b6-772f-41d6-941a-5d74ad06a854, warehouse 371098e0-fa3e-453b-be26-6dacc43c60a2, material IRON could take 20 points.
2024-04-19T10:43:54.803+04:00  INFO 37639 --- [Rockbitegames] [    Test worker] c.r.observer.MaterialNotificationSender  : ######################################################################################
2024-04-19T10:43:54.803+04:00  INFO 37639 --- [Rockbitegames] [    Test worker] c.r.observer.MaterialNotificationSender  : ---------------------MATERIAL NOTIFICATION: SENDING....-------------------------------
2024-04-19T10:43:54.803+04:00  INFO 37639 --- [Rockbitegames] [    Test worker] c.r.observer.MaterialNotificationSender  : Event, Player 79fd74b6-772f-41d6-941a-5d74ad06a854 warehouse 371098e0-fa3e-453b-be26-6dacc43c60a2, material fc38ca94-ac2a-4c8b-a853-018668ac0455:  event=MATERIAL IS FULL 
2024-04-19T10:43:54.803+04:00  INFO 37639 --- [Rockbitegames] [    Test worker] c.r.observer.MaterialNotificationSender  : ######################################################################################
2024-04-19T10:43:54.803+04:00  INFO 37639 --- [Rockbitegames] [    Test worker] c.rockbitegames.service.MaterialService  : Player 79fd74b6-772f-41d6-941a-5d74ad06a854, warehouse 85610f51-6935-47f3-aa3e-9c8833a2cf20, material IRON could take 100 points.
2024-04-19T10:43:54.803+04:00  INFO 37639 --- [Rockbitegames] [    Test worker] c.rockbitegames.service.MaterialService  : Player 79fd74b6-772f-41d6-941a-5d74ad06a854, warehouse 85610f51-6935-47f3-aa3e-9c8833a2cf20, material IRON capacity is 10 points.
2024-04-19T10:43:54.803+04:00  INFO 37639 --- [Rockbitegames] [    Test worker] c.r.o.WarehouseNotificationSender        : ######################################################################################
2024-04-19T10:43:54.803+04:00  INFO 37639 --- [Rockbitegames] [    Test worker] c.r.o.WarehouseNotificationSender        : ---------------------WAREHOUSE NOTIFICATION: SENDING....------------------------------
2024-04-19T10:43:54.803+04:00  INFO 37639 --- [Rockbitegames] [    Test worker] c.r.o.WarehouseNotificationSender        : Event, Player 79fd74b6-772f-41d6-941a-5d74ad06a854 warehouse fc38ca94-ac2a-4c8b-a853-018668ac0455, material Iron:  event=WAREHOUSE: MATERIAL ADDITION 
2024-04-19T10:43:54.803+04:00  INFO 37639 --- [Rockbitegames] [    Test worker] c.r.o.WarehouseNotificationSender        : ######################################################################################
2024-04-19T10:43:54.803+04:00  INFO 37639 --- [Rockbitegames] [    Test worker] c.rockbitegames.service.MaterialService  : Player 79fd74b6-772f-41d6-941a-5d74ad06a854, warehouse 371098e0-fa3e-453b-be26-6dacc43c60a2, material IRON could take 0 points.
2024-04-19T10:43:54.803+04:00  INFO 37639 --- [Rockbitegames] [    Test worker] c.r.observer.MaterialNotificationSender  : ######################################################################################
2024-04-19T10:43:54.803+04:00  INFO 37639 --- [Rockbitegames] [    Test worker] c.r.observer.MaterialNotificationSender  : ---------------------MATERIAL NOTIFICATION: SENDING....-------------------------------
2024-04-19T10:43:54.804+04:00  INFO 37639 --- [Rockbitegames] [    Test worker] c.r.observer.MaterialNotificationSender  : Event, Player 79fd74b6-772f-41d6-941a-5d74ad06a854 warehouse 371098e0-fa3e-453b-be26-6dacc43c60a2, material fc38ca94-ac2a-4c8b-a853-018668ac0455:  event=MATERIAL IS FULL 
2024-04-19T10:43:54.804+04:00  INFO 37639 --- [Rockbitegames] [    Test worker] c.r.observer.MaterialNotificationSender  : ######################################################################################
2024-04-19T10:43:54.804+04:00  INFO 37639 --- [Rockbitegames] [    Test worker] c.rockbitegames.service.MaterialService  : Player 79fd74b6-772f-41d6-941a-5d74ad06a854, warehouse 85610f51-6935-47f3-aa3e-9c8833a2cf20, material IRON could take 90 points.
2024-04-19T10:43:54.804+04:00  INFO 37639 --- [Rockbitegames] [    Test worker] c.r.observer.MaterialNotificationSender  : ######################################################################################
2024-04-19T10:43:54.804+04:00  INFO 37639 --- [Rockbitegames] [    Test worker] c.r.observer.MaterialNotificationSender  : ---------------------MATERIAL NOTIFICATION: SENDING....-------------------------------
2024-04-19T10:43:54.804+04:00  INFO 37639 --- [Rockbitegames] [    Test worker] c.r.observer.MaterialNotificationSender  : Event, Player 79fd74b6-772f-41d6-941a-5d74ad06a854 warehouse 85610f51-6935-47f3-aa3e-9c8833a2cf20, material fc38ca94-ac2a-4c8b-a853-018668ac0455:  event=MATERIAL IS FULL 
2024-04-19T10:43:54.804+04:00  INFO 37639 --- [Rockbitegames] [    Test worker] c.r.observer.MaterialNotificationSender  : ######################################################################################
2024-04-19T10:43:54.804+04:00  WARN 37639 --- [Rockbitegames] [    Test worker] c.rockbitegames.service.MaterialService  : Player 79fd74b6-772f-41d6-941a-5d74ad06a854 does not have enough warehouse to store materials. lost points 10 .
2024-04-19T10:43:54.804+04:00  INFO 37639 --- [Rockbitegames] [    Test worker] c.rockbitegames.service.MaterialService  : Player 79fd74b6-772f-41d6-941a-5d74ad06a854, warehouse 371098e0-fa3e-453b-be26-6dacc43c60a2, material BOLT could take 100 points.
2024-04-19T10:43:54.805+04:00  INFO 37639 --- [Rockbitegames] [    Test worker] c.rockbitegames.service.MaterialService  : Player 79fd74b6-772f-41d6-941a-5d74ad06a854, warehouse 371098e0-fa3e-453b-be26-6dacc43c60a2, material BOLT capacity is 80 points.
2024-04-19T10:43:54.805+04:00  INFO 37639 --- [Rockbitegames] [    Test worker] c.r.o.WarehouseNotificationSender        : ######################################################################################
2024-04-19T10:43:54.805+04:00  INFO 37639 --- [Rockbitegames] [    Test worker] c.r.o.WarehouseNotificationSender        : ---------------------WAREHOUSE NOTIFICATION: SENDING....------------------------------
2024-04-19T10:43:54.805+04:00  INFO 37639 --- [Rockbitegames] [    Test worker] c.r.o.WarehouseNotificationSender        : Event, Player 79fd74b6-772f-41d6-941a-5d74ad06a854 warehouse fc38ca94-ac2a-4c8b-a853-018668ac0455, material Iron:  event=WAREHOUSE: MATERIAL ADDITION 
2024-04-19T10:43:54.805+04:00  INFO 37639 --- [Rockbitegames] [    Test worker] c.r.o.WarehouseNotificationSender        : ######################################################################################
2024-04-19T10:43:54.805+04:00  INFO 37639 --- [Rockbitegames] [    Test worker] c.rockbitegames.service.MaterialService  : Player 79fd74b6-772f-41d6-941a-5d74ad06a854, warehouse 371098e0-fa3e-453b-be26-6dacc43c60a2, material BOLT could take 20 points.
2024-04-19T10:43:54.805+04:00  INFO 37639 --- [Rockbitegames] [    Test worker] c.r.observer.MaterialNotificationSender  : ######################################################################################
2024-04-19T10:43:54.805+04:00  INFO 37639 --- [Rockbitegames] [    Test worker] c.r.observer.MaterialNotificationSender  : ---------------------MATERIAL NOTIFICATION: SENDING....-------------------------------
2024-04-19T10:43:54.805+04:00  INFO 37639 --- [Rockbitegames] [    Test worker] c.r.observer.MaterialNotificationSender  : Event, Player 79fd74b6-772f-41d6-941a-5d74ad06a854 warehouse 371098e0-fa3e-453b-be26-6dacc43c60a2, material fc38ca94-ac2a-4c8b-a853-018668ac0455:  event=MATERIAL IS FULL 
2024-04-19T10:43:54.805+04:00  INFO 37639 --- [Rockbitegames] [    Test worker] c.r.observer.MaterialNotificationSender  : ######################################################################################
2024-04-19T10:43:54.805+04:00  INFO 37639 --- [Rockbitegames] [    Test worker] c.rockbitegames.service.MaterialService  : Player 79fd74b6-772f-41d6-941a-5d74ad06a854, warehouse 85610f51-6935-47f3-aa3e-9c8833a2cf20, material BOLT could take 100 points.
2024-04-19T10:43:54.805+04:00  INFO 37639 --- [Rockbitegames] [    Test worker] c.rockbitegames.service.MaterialService  : Player 79fd74b6-772f-41d6-941a-5d74ad06a854, warehouse 85610f51-6935-47f3-aa3e-9c8833a2cf20, material BOLT capacity is 30 points.
2024-04-19T10:43:54.806+04:00  INFO 37639 --- [Rockbitegames] [    Test worker] c.r.o.WarehouseNotificationSender        : ######################################################################################
2024-04-19T10:43:54.806+04:00  INFO 37639 --- [Rockbitegames] [    Test worker] c.r.o.WarehouseNotificationSender        : ---------------------WAREHOUSE NOTIFICATION: SENDING....------------------------------
2024-04-19T10:43:54.806+04:00  INFO 37639 --- [Rockbitegames] [    Test worker] c.r.o.WarehouseNotificationSender        : Event, Player 79fd74b6-772f-41d6-941a-5d74ad06a854 warehouse fc38ca94-ac2a-4c8b-a853-018668ac0455, material Iron:  event=WAREHOUSE: MATERIAL ADDITION 
2024-04-19T10:43:54.806+04:00  INFO 37639 --- [Rockbitegames] [    Test worker] c.r.o.WarehouseNotificationSender        : ######################################################################################
2024-04-19T10:43:54.806+04:00  INFO 37639 --- [Rockbitegames] [    Test worker] c.rockbitegames.service.MaterialService  : Player 79fd74b6-772f-41d6-941a-5d74ad06a854, warehouse 371098e0-fa3e-453b-be26-6dacc43c60a2, material BOLT could take 0 points.
2024-04-19T10:43:54.806+04:00  INFO 37639 --- [Rockbitegames] [    Test worker] c.r.observer.MaterialNotificationSender  : ######################################################################################
2024-04-19T10:43:54.806+04:00  INFO 37639 --- [Rockbitegames] [    Test worker] c.r.observer.MaterialNotificationSender  : ---------------------MATERIAL NOTIFICATION: SENDING....-------------------------------
2024-04-19T10:43:54.806+04:00  INFO 37639 --- [Rockbitegames] [    Test worker] c.r.observer.MaterialNotificationSender  : Event, Player 79fd74b6-772f-41d6-941a-5d74ad06a854 warehouse 371098e0-fa3e-453b-be26-6dacc43c60a2, material fc38ca94-ac2a-4c8b-a853-018668ac0455:  event=MATERIAL IS FULL 
2024-04-19T10:43:54.806+04:00  INFO 37639 --- [Rockbitegames] [    Test worker] c.r.observer.MaterialNotificationSender  : ######################################################################################
2024-04-19T10:43:54.806+04:00  INFO 37639 --- [Rockbitegames] [    Test worker] c.rockbitegames.service.MaterialService  : Player 79fd74b6-772f-41d6-941a-5d74ad06a854, warehouse 85610f51-6935-47f3-aa3e-9c8833a2cf20, material BOLT could take 70 points.
2024-04-19T10:43:54.806+04:00  INFO 37639 --- [Rockbitegames] [    Test worker] c.rockbitegames.service.MaterialService  : Player 79fd74b6-772f-41d6-941a-5d74ad06a854, warehouse 85610f51-6935-47f3-aa3e-9c8833a2cf20, material BOLT capacity is 60 points.
2024-04-19T10:43:54.806+04:00  INFO 37639 --- [Rockbitegames] [    Test worker] c.rockbitegames.service.MaterialService  : Player 79fd74b6-772f-41d6-941a-5d74ad06a854, warehouse 371098e0-fa3e-453b-be26-6dacc43c60a2, material BOLT could take 0 points.
2024-04-19T10:43:54.807+04:00  INFO 37639 --- [Rockbitegames] [    Test worker] c.r.observer.MaterialNotificationSender  : ######################################################################################
2024-04-19T10:43:54.807+04:00  INFO 37639 --- [Rockbitegames] [    Test worker] c.r.observer.MaterialNotificationSender  : ---------------------MATERIAL NOTIFICATION: SENDING....-------------------------------
2024-04-19T10:43:54.807+04:00  INFO 37639 --- [Rockbitegames] [    Test worker] c.r.observer.MaterialNotificationSender  : Event, Player 79fd74b6-772f-41d6-941a-5d74ad06a854 warehouse 371098e0-fa3e-453b-be26-6dacc43c60a2, material fc38ca94-ac2a-4c8b-a853-018668ac0455:  event=MATERIAL IS FULL 
2024-04-19T10:43:54.807+04:00  INFO 37639 --- [Rockbitegames] [    Test worker] c.r.observer.MaterialNotificationSender  : ######################################################################################
2024-04-19T10:43:54.807+04:00  INFO 37639 --- [Rockbitegames] [    Test worker] c.rockbitegames.service.MaterialService  : Player 79fd74b6-772f-41d6-941a-5d74ad06a854, warehouse 85610f51-6935-47f3-aa3e-9c8833a2cf20, material BOLT could take 40 points.
2024-04-19T10:43:54.807+04:00  INFO 37639 --- [Rockbitegames] [    Test worker] c.r.observer.MaterialNotificationSender  : ######################################################################################
2024-04-19T10:43:54.807+04:00  INFO 37639 --- [Rockbitegames] [    Test worker] c.r.observer.MaterialNotificationSender  : ---------------------MATERIAL NOTIFICATION: SENDING....-------------------------------
2024-04-19T10:43:54.807+04:00  INFO 37639 --- [Rockbitegames] [    Test worker] c.r.observer.MaterialNotificationSender  : Event, Player 79fd74b6-772f-41d6-941a-5d74ad06a854 warehouse 85610f51-6935-47f3-aa3e-9c8833a2cf20, material fc38ca94-ac2a-4c8b-a853-018668ac0455:  event=MATERIAL IS FULL 
2024-04-19T10:43:54.807+04:00  INFO 37639 --- [Rockbitegames] [    Test worker] c.r.observer.MaterialNotificationSender  : ######################################################################################
2024-04-19T10:43:54.807+04:00  WARN 37639 --- [Rockbitegames] [    Test worker] c.rockbitegames.service.MaterialService  : Player 79fd74b6-772f-41d6-941a-5d74ad06a854 does not have enough warehouse to store materials. lost points 60 .
2024-04-19T10:43:54.811+04:00  INFO 37639 --- [Rockbitegames] [    Test worker] c.r.observer.PlayerNotificationSender    : ######################################################################################
2024-04-19T10:43:54.811+04:00  INFO 37639 --- [Rockbitegames] [    Test worker] c.r.observer.PlayerNotificationSender    : ---------------------PLAYER NOTIFICATION: SENDING....----------------------------------
2024-04-19T10:43:54.811+04:00  INFO 37639 --- [Rockbitegames] [    Test worker] c.r.observer.PlayerNotificationSender    : Event, Player 79fd74b6-772f-41d6-941a-5d74ad06a856 warehouse [c3d84b05-11c0-447f-ad9c-c3d1db309b04,127f5aa2-32c2-48db-8005-b5784d5155e4], material :  event=WAREHOUSE IS CREATED 
2024-04-19T10:43:54.811+04:00  INFO 37639 --- [Rockbitegames] [    Test worker] c.r.observer.PlayerNotificationSender    : ######################################################################################
2024-04-19T10:43:54.812+04:00  INFO 37639 --- [Rockbitegames] [    Test worker] c.rockbitegames.service.MaterialService  : Player 79fd74b6-772f-41d6-941a-5d74ad06a856, warehouse c3d84b05-11c0-447f-ad9c-c3d1db309b04, material IRON could take 100 points.
2024-04-19T10:43:54.812+04:00  INFO 37639 --- [Rockbitegames] [    Test worker] c.r.observer.MaterialNotificationSender  : ######################################################################################
2024-04-19T10:43:54.812+04:00  INFO 37639 --- [Rockbitegames] [    Test worker] c.r.observer.MaterialNotificationSender  : ---------------------MATERIAL NOTIFICATION: SENDING....-------------------------------
2024-04-19T10:43:54.812+04:00  INFO 37639 --- [Rockbitegames] [    Test worker] c.r.observer.MaterialNotificationSender  : Event, Player 79fd74b6-772f-41d6-941a-5d74ad06a856 warehouse c3d84b05-11c0-447f-ad9c-c3d1db309b04, material fc38ca94-ac2a-4c8b-a853-018668ac0455:  event=MATERIAL IS FULL 
2024-04-19T10:43:54.812+04:00  INFO 37639 --- [Rockbitegames] [    Test worker] c.r.observer.MaterialNotificationSender  : ######################################################################################
2024-04-19T10:43:54.812+04:00  INFO 37639 --- [Rockbitegames] [    Test worker] c.r.o.WarehouseNotificationSender        : ######################################################################################
2024-04-19T10:43:54.812+04:00  INFO 37639 --- [Rockbitegames] [    Test worker] c.r.o.WarehouseNotificationSender        : ---------------------WAREHOUSE NOTIFICATION: SENDING....------------------------------
2024-04-19T10:43:54.812+04:00  INFO 37639 --- [Rockbitegames] [    Test worker] c.r.o.WarehouseNotificationSender        : Event, Player 79fd74b6-772f-41d6-941a-5d74ad06a856 warehouse fc38ca94-ac2a-4c8b-a853-018668ac0455, material Iron:  event=WAREHOUSE: MATERIAL ADDITION 
2024-04-19T10:43:54.812+04:00  INFO 37639 --- [Rockbitegames] [    Test worker] c.r.o.WarehouseNotificationSender        : ######################################################################################
2024-04-19T10:43:54.813+04:00  INFO 37639 --- [Rockbitegames] [    Test worker] c.rockbitegames.service.MaterialService  : Player 79fd74b6-772f-41d6-941a-5d74ad06a856, warehouse 127f5aa2-32c2-48db-8005-b5784d5155e4, material IRON could take 100 points.
2024-04-19T10:43:54.813+04:00  INFO 37639 --- [Rockbitegames] [    Test worker] c.r.observer.MaterialNotificationSender  : ######################################################################################
2024-04-19T10:43:54.813+04:00  INFO 37639 --- [Rockbitegames] [    Test worker] c.r.observer.MaterialNotificationSender  : ---------------------MATERIAL NOTIFICATION: SENDING....-------------------------------
2024-04-19T10:43:54.813+04:00  INFO 37639 --- [Rockbitegames] [    Test worker] c.r.observer.MaterialNotificationSender  : Event, Player 79fd74b6-772f-41d6-941a-5d74ad06a856 warehouse 127f5aa2-32c2-48db-8005-b5784d5155e4, material fc38ca94-ac2a-4c8b-a853-018668ac0455:  event=MATERIAL IS ZERO 
2024-04-19T10:43:54.813+04:00  INFO 37639 --- [Rockbitegames] [    Test worker] c.r.observer.MaterialNotificationSender  : ######################################################################################
2024-04-19T10:43:54.813+04:00  INFO 37639 --- [Rockbitegames] [    Test worker] c.rockbitegames.service.MaterialService  : Player 79fd74b6-772f-41d6-941a-5d74ad06a856, warehouse 127f5aa2-32c2-48db-8005-b5784d5155e4, material IRON capacity is 0 points.
2024-04-19T10:43:54.814+04:00  INFO 37639 --- [Rockbitegames] [    Test worker] c.r.o.WarehouseNotificationSender        : ######################################################################################
2024-04-19T10:43:54.814+04:00  INFO 37639 --- [Rockbitegames] [    Test worker] c.r.o.WarehouseNotificationSender        : ---------------------WAREHOUSE NOTIFICATION: SENDING....------------------------------
2024-04-19T10:43:54.814+04:00  INFO 37639 --- [Rockbitegames] [    Test worker] c.r.o.WarehouseNotificationSender        : Event, Player 79fd74b6-772f-41d6-941a-5d74ad06a856 warehouse fc38ca94-ac2a-4c8b-a853-018668ac0455, material Iron:  event=WAREHOUSE: MATERIAL ADDITION 
2024-04-19T10:43:54.814+04:00  INFO 37639 --- [Rockbitegames] [    Test worker] c.r.o.WarehouseNotificationSender        : ######################################################################################
2024-04-19T10:43:54.814+04:00  INFO 37639 --- [Rockbitegames] [    Test worker] c.r.o.WarehouseNotificationSender        : ######################################################################################
2024-04-19T10:43:54.814+04:00  INFO 37639 --- [Rockbitegames] [    Test worker] c.r.o.WarehouseNotificationSender        : ---------------------WAREHOUSE NOTIFICATION: SENDING....------------------------------
2024-04-19T10:43:54.814+04:00  INFO 37639 --- [Rockbitegames] [    Test worker] c.r.o.WarehouseNotificationSender        : Event, Player 79fd74b6-772f-41d6-941a-5d74ad06a856 warehouse fc38ca94-ac2a-4c8b-a853-018668ac0455, material Iron:  event=WAREHOUSE: MATERIAL REMOVAL 
2024-04-19T10:43:54.814+04:00  INFO 37639 --- [Rockbitegames] [    Test worker] c.r.o.WarehouseNotificationSender        : ######################################################################################
2024-04-19T10:43:54.814+04:00  INFO 37639 --- [Rockbitegames] [    Test worker] c.rockbitegames.service.MaterialService  : Material c3d84b05-11c0-447f-ad9c-c3d1db309b04 is removed from warehouse fc38ca94-ac2a-4c8b-a853-018668ac0455
]]></system-out>
  <system-err><![CDATA[]]></system-err>
</testsuite>
