<?xml version="1.0" encoding="UTF-8"?>
<testsuite name="com.rockbitegames.service.MaterialEntityServiceTest" tests="7" skipped="0" failures="0" errors="0" timestamp="2024-04-21T13:34:27" hostname="garik" time="0.043">
  <properties/>
  <testcase name="moveMaterialIfThereAreWarehouseWithTwoMaterial()" classname="com.rockbitegames.service.MaterialEntityServiceTest" time="0.011"/>
  <testcase name="moveMaterialIfThereAreWarehouseWithHalfMaterial()" classname="com.rockbitegames.service.MaterialEntityServiceTest" time="0.004"/>
  <testcase name="removeMaterial()" classname="com.rockbitegames.service.MaterialEntityServiceTest" time="0.005"/>
  <testcase name="addMaterial()" classname="com.rockbitegames.service.MaterialEntityServiceTest" time="0.006"/>
  <testcase name="moveMaterialWithRollBack()" classname="com.rockbitegames.service.MaterialEntityServiceTest" time="0.006"/>
  <testcase name="moveMaterialIfThereAreWarehouseWithMoreMaterial()" classname="com.rockbitegames.service.MaterialEntityServiceTest" time="0.003"/>
  <testcase name="createMaterial()" classname="com.rockbitegames.service.MaterialEntityServiceTest" time="0.001"/>
  <system-out><![CDATA[2024-04-21T17:34:27.581+04:00  INFO 214946 --- [Rockbitegames] [    Test worker] t.c.s.AnnotationConfigContextLoaderUtils : Could not detect default configuration classes for test class [com.rockbitegames.service.MaterialEntityServiceTest]: MaterialEntityServiceTest does not declare any static, non-private, non-final, nested classes annotated with @Configuration.
2024-04-21T17:34:27.588+04:00  INFO 214946 --- [Rockbitegames] [    Test worker] .b.t.c.SpringBootTestContextBootstrapper : Found @SpringBootConfiguration com.rockbitegames.RockbitegamesApplication for test class com.rockbitegames.service.MaterialEntityServiceTest
2024-04-21T17:34:27.595+04:00  INFO 214946 --- [Rockbitegames] [    Test worker] c.r.observer.PlayerNotificationSender    : ######################################################################################
2024-04-21T17:34:27.596+04:00  INFO 214946 --- [Rockbitegames] [    Test worker] c.r.observer.PlayerNotificationSender    : ---------------------PLAYER NOTIFICATION: SENDING....----------------------------------
2024-04-21T17:34:27.596+04:00  INFO 214946 --- [Rockbitegames] [    Test worker] c.r.observer.PlayerNotificationSender    : Event, Player 99fd74b6-772f-41d6-941a-5d74ad06a856 warehouse [3ed1426a-6617-487e-8408-aef161847cf8,3e535570-1402-44b7-b9d6-d60b3e8c6f95], material :  event=WAREHOUSE IS CREATED 
2024-04-21T17:34:27.596+04:00  INFO 214946 --- [Rockbitegames] [    Test worker] c.r.observer.PlayerNotificationSender    : ######################################################################################
2024-04-21T17:34:27.596+04:00  INFO 214946 --- [Rockbitegames] [    Test worker] c.rockbitegames.service.MaterialService  : Player 99fd74b6-772f-41d6-941a-5d74ad06a856, warehouse 3ed1426a-6617-487e-8408-aef161847cf8, material IRON could take 100 points.
2024-04-21T17:34:27.596+04:00  INFO 214946 --- [Rockbitegames] [    Test worker] c.rockbitegames.service.MaterialService  : Player 99fd74b6-772f-41d6-941a-5d74ad06a856, warehouse 3ed1426a-6617-487e-8408-aef161847cf8, material IRON capacity is 80 points.
2024-04-21T17:34:27.597+04:00  INFO 214946 --- [Rockbitegames] [    Test worker] c.r.o.WarehouseNotificationSender        : ######################################################################################
2024-04-21T17:34:27.597+04:00  INFO 214946 --- [Rockbitegames] [    Test worker] c.r.o.WarehouseNotificationSender        : ---------------------WAREHOUSE NOTIFICATION: SENDING....------------------------------
2024-04-21T17:34:27.597+04:00  INFO 214946 --- [Rockbitegames] [    Test worker] c.r.o.WarehouseNotificationSender        : Event, Player 99fd74b6-772f-41d6-941a-5d74ad06a856 warehouse fc38ca94-ac2a-4c8b-a853-018668ac0455, material IRON:  event=WAREHOUSE: MATERIAL ADDITION 
2024-04-21T17:34:27.597+04:00  INFO 214946 --- [Rockbitegames] [    Test worker] c.r.o.WarehouseNotificationSender        : ######################################################################################
2024-04-21T17:34:27.597+04:00  INFO 214946 --- [Rockbitegames] [    Test worker] c.rockbitegames.service.MaterialService  : Player 99fd74b6-772f-41d6-941a-5d74ad06a856, warehouse 3ed1426a-6617-487e-8408-aef161847cf8, material IRON could take 20 points.
2024-04-21T17:34:27.597+04:00  INFO 214946 --- [Rockbitegames] [    Test worker] c.r.observer.MaterialNotificationSender  : ######################################################################################
2024-04-21T17:34:27.597+04:00  INFO 214946 --- [Rockbitegames] [    Test worker] c.r.observer.MaterialNotificationSender  : ---------------------MATERIAL NOTIFICATION: SENDING....-------------------------------
2024-04-21T17:34:27.597+04:00  INFO 214946 --- [Rockbitegames] [    Test worker] c.r.observer.MaterialNotificationSender  : Event, Player 99fd74b6-772f-41d6-941a-5d74ad06a856 warehouse 3ed1426a-6617-487e-8408-aef161847cf8, material fc38ca94-ac2a-4c8b-a853-018668ac0455:  event=MATERIAL IS FULL 
2024-04-21T17:34:27.597+04:00  INFO 214946 --- [Rockbitegames] [    Test worker] c.r.observer.MaterialNotificationSender  : ######################################################################################
2024-04-21T17:34:27.597+04:00  INFO 214946 --- [Rockbitegames] [    Test worker] c.rockbitegames.service.MaterialService  : Player 99fd74b6-772f-41d6-941a-5d74ad06a856, warehouse 3e535570-1402-44b7-b9d6-d60b3e8c6f95, material IRON could take 100 points.
2024-04-21T17:34:27.597+04:00  INFO 214946 --- [Rockbitegames] [    Test worker] c.rockbitegames.service.MaterialService  : Player 99fd74b6-772f-41d6-941a-5d74ad06a856, warehouse 3e535570-1402-44b7-b9d6-d60b3e8c6f95, material IRON capacity is 50 points.
2024-04-21T17:34:27.597+04:00  INFO 214946 --- [Rockbitegames] [    Test worker] c.r.o.WarehouseNotificationSender        : ######################################################################################
2024-04-21T17:34:27.597+04:00  INFO 214946 --- [Rockbitegames] [    Test worker] c.r.o.WarehouseNotificationSender        : ---------------------WAREHOUSE NOTIFICATION: SENDING....------------------------------
2024-04-21T17:34:27.597+04:00  INFO 214946 --- [Rockbitegames] [    Test worker] c.r.o.WarehouseNotificationSender        : Event, Player 99fd74b6-772f-41d6-941a-5d74ad06a856 warehouse fc38ca94-ac2a-4c8b-a853-018668ac0456, material IRON:  event=WAREHOUSE: MATERIAL ADDITION 
2024-04-21T17:34:27.597+04:00  INFO 214946 --- [Rockbitegames] [    Test worker] c.r.o.WarehouseNotificationSender        : ######################################################################################
2024-04-21T17:34:27.599+04:00  INFO 214946 --- [Rockbitegames] [    Test worker] c.r.observer.MaterialNotificationSender  : ######################################################################################
2024-04-21T17:34:27.599+04:00  INFO 214946 --- [Rockbitegames] [    Test worker] c.r.observer.MaterialNotificationSender  : ---------------------MATERIAL NOTIFICATION: SENDING....-------------------------------
2024-04-21T17:34:27.599+04:00  INFO 214946 --- [Rockbitegames] [    Test worker] c.r.observer.MaterialNotificationSender  : Event, Player 99fd74b6-772f-41d6-941a-5d74ad06a856 warehouse 3ed1426a-6617-487e-8408-aef161847cf8, material fc38ca94-ac2a-4c8b-a853-018668ac0455:  event=MATERIAL IS SUBTRACTED 
2024-04-21T17:34:27.599+04:00  INFO 214946 --- [Rockbitegames] [    Test worker] c.r.observer.MaterialNotificationSender  : ######################################################################################
2024-04-21T17:34:27.599+04:00  INFO 214946 --- [Rockbitegames] [    Test worker] c.rockbitegames.service.MaterialService  : Player 99fd74b6-772f-41d6-941a-5d74ad06a856, warehouse 3ed1426a-6617-487e-8408-aef161847cf8, material IRON could take 50 points.
2024-04-21T17:34:27.599+04:00  INFO 214946 --- [Rockbitegames] [    Test worker] c.r.observer.MaterialNotificationSender  : ######################################################################################
2024-04-21T17:34:27.599+04:00  INFO 214946 --- [Rockbitegames] [    Test worker] c.r.observer.MaterialNotificationSender  : ---------------------MATERIAL NOTIFICATION: SENDING....-------------------------------
2024-04-21T17:34:27.599+04:00  INFO 214946 --- [Rockbitegames] [    Test worker] c.r.observer.MaterialNotificationSender  : Event, Player 99fd74b6-772f-41d6-941a-5d74ad06a856 warehouse 3ed1426a-6617-487e-8408-aef161847cf8, material fc38ca94-ac2a-4c8b-a853-018668ac0455:  event=MATERIAL IS FULL 
2024-04-21T17:34:27.599+04:00  INFO 214946 --- [Rockbitegames] [    Test worker] c.r.observer.MaterialNotificationSender  : ######################################################################################
2024-04-21T17:34:27.604+04:00  INFO 214946 --- [Rockbitegames] [    Test worker] c.r.observer.PlayerNotificationSender    : ######################################################################################
2024-04-21T17:34:27.605+04:00  INFO 214946 --- [Rockbitegames] [    Test worker] c.r.observer.PlayerNotificationSender    : ---------------------PLAYER NOTIFICATION: SENDING....----------------------------------
2024-04-21T17:34:27.605+04:00  INFO 214946 --- [Rockbitegames] [    Test worker] c.r.observer.PlayerNotificationSender    : Event, Player 79fd74b6-772f-41d6-941a-5d74ad06a899 warehouse [f0d82f14-94be-40b7-9677-6a03ff0f38f6,6cfded9a-88d4-4d2c-9078-7a2057cdd93d], material :  event=WAREHOUSE IS CREATED 
2024-04-21T17:34:27.605+04:00  INFO 214946 --- [Rockbitegames] [    Test worker] c.r.observer.PlayerNotificationSender    : ######################################################################################
2024-04-21T17:34:27.605+04:00  INFO 214946 --- [Rockbitegames] [    Test worker] c.rockbitegames.service.MaterialService  : Player 79fd74b6-772f-41d6-941a-5d74ad06a899, warehouse f0d82f14-94be-40b7-9677-6a03ff0f38f6, material IRON could take 100 points.
2024-04-21T17:34:27.605+04:00  INFO 214946 --- [Rockbitegames] [    Test worker] c.rockbitegames.service.MaterialService  : Player 79fd74b6-772f-41d6-941a-5d74ad06a899, warehouse f0d82f14-94be-40b7-9677-6a03ff0f38f6, material IRON capacity is 30 points.
2024-04-21T17:34:27.605+04:00  INFO 214946 --- [Rockbitegames] [    Test worker] c.r.o.WarehouseNotificationSender        : ######################################################################################
2024-04-21T17:34:27.605+04:00  INFO 214946 --- [Rockbitegames] [    Test worker] c.r.o.WarehouseNotificationSender        : ---------------------WAREHOUSE NOTIFICATION: SENDING....------------------------------
2024-04-21T17:34:27.605+04:00  INFO 214946 --- [Rockbitegames] [    Test worker] c.r.o.WarehouseNotificationSender        : Event, Player 79fd74b6-772f-41d6-941a-5d74ad06a899 warehouse fc38ca94-ac2a-4c8b-a853-018668ac0455, material IRON:  event=WAREHOUSE: MATERIAL ADDITION 
2024-04-21T17:34:27.605+04:00  INFO 214946 --- [Rockbitegames] [    Test worker] c.r.o.WarehouseNotificationSender        : ######################################################################################
2024-04-21T17:34:27.605+04:00  INFO 214946 --- [Rockbitegames] [    Test worker] c.r.observer.MaterialNotificationSender  : ######################################################################################
2024-04-21T17:34:27.605+04:00  INFO 214946 --- [Rockbitegames] [    Test worker] c.r.observer.MaterialNotificationSender  : ---------------------MATERIAL NOTIFICATION: SENDING....-------------------------------
2024-04-21T17:34:27.605+04:00  INFO 214946 --- [Rockbitegames] [    Test worker] c.r.observer.MaterialNotificationSender  : Event, Player 79fd74b6-772f-41d6-941a-5d74ad06a899 warehouse f0d82f14-94be-40b7-9677-6a03ff0f38f6, material fc38ca94-ac2a-4c8b-a853-018668ac0455:  event=MATERIAL IS SUBTRACTED 
2024-04-21T17:34:27.605+04:00  INFO 214946 --- [Rockbitegames] [    Test worker] c.r.observer.MaterialNotificationSender  : ######################################################################################
2024-04-21T17:34:27.606+04:00  INFO 214946 --- [Rockbitegames] [    Test worker] c.r.o.WarehouseNotificationSender        : ######################################################################################
2024-04-21T17:34:27.606+04:00  INFO 214946 --- [Rockbitegames] [    Test worker] c.r.o.WarehouseNotificationSender        : ---------------------WAREHOUSE NOTIFICATION: SENDING....------------------------------
2024-04-21T17:34:27.606+04:00  INFO 214946 --- [Rockbitegames] [    Test worker] c.r.o.WarehouseNotificationSender        : Event, Player 79fd74b6-772f-41d6-941a-5d74ad06a899 warehouse fc38ca94-ac2a-4c8b-a853-018668ac0455, material IRON:  event=WAREHOUSE: MATERIAL ADDITION 
2024-04-21T17:34:27.606+04:00  INFO 214946 --- [Rockbitegames] [    Test worker] c.r.o.WarehouseNotificationSender        : ######################################################################################
2024-04-21T17:34:27.610+04:00  INFO 214946 --- [Rockbitegames] [    Test worker] c.r.observer.PlayerNotificationSender    : ######################################################################################
2024-04-21T17:34:27.610+04:00  INFO 214946 --- [Rockbitegames] [    Test worker] c.r.observer.PlayerNotificationSender    : ---------------------PLAYER NOTIFICATION: SENDING....----------------------------------
2024-04-21T17:34:27.610+04:00  INFO 214946 --- [Rockbitegames] [    Test worker] c.r.observer.PlayerNotificationSender    : Event, Player 79fd74b6-772f-41d6-941a-5d74ad06a855 warehouse [68a1b343-bb81-4f34-81b0-032fbe33ef82,8955d88f-dfe1-4142-bbe8-304f5e405639], material :  event=WAREHOUSE IS CREATED 
2024-04-21T17:34:27.610+04:00  INFO 214946 --- [Rockbitegames] [    Test worker] c.r.observer.PlayerNotificationSender    : ######################################################################################
2024-04-21T17:34:27.610+04:00  INFO 214946 --- [Rockbitegames] [    Test worker] c.rockbitegames.service.MaterialService  : Player 79fd74b6-772f-41d6-941a-5d74ad06a855, warehouse 68a1b343-bb81-4f34-81b0-032fbe33ef82, material IRON could take 100 points.
2024-04-21T17:34:27.610+04:00  INFO 214946 --- [Rockbitegames] [    Test worker] c.r.observer.MaterialNotificationSender  : ######################################################################################
2024-04-21T17:34:27.610+04:00  INFO 214946 --- [Rockbitegames] [    Test worker] c.r.observer.MaterialNotificationSender  : ---------------------MATERIAL NOTIFICATION: SENDING....-------------------------------
2024-04-21T17:34:27.610+04:00  INFO 214946 --- [Rockbitegames] [    Test worker] c.r.observer.MaterialNotificationSender  : Event, Player 79fd74b6-772f-41d6-941a-5d74ad06a855 warehouse 68a1b343-bb81-4f34-81b0-032fbe33ef82, material fc38ca94-ac2a-4c8b-a853-018668ac0455:  event=MATERIAL IS FULL 
2024-04-21T17:34:27.610+04:00  INFO 214946 --- [Rockbitegames] [    Test worker] c.r.observer.MaterialNotificationSender  : ######################################################################################
2024-04-21T17:34:27.610+04:00  INFO 214946 --- [Rockbitegames] [    Test worker] c.r.o.WarehouseNotificationSender        : ######################################################################################
2024-04-21T17:34:27.610+04:00  INFO 214946 --- [Rockbitegames] [    Test worker] c.r.o.WarehouseNotificationSender        : ---------------------WAREHOUSE NOTIFICATION: SENDING....------------------------------
2024-04-21T17:34:27.611+04:00  INFO 214946 --- [Rockbitegames] [    Test worker] c.r.o.WarehouseNotificationSender        : Event, Player 79fd74b6-772f-41d6-941a-5d74ad06a855 warehouse fc38ca94-ac2a-4c8b-a853-018668ac0455, material IRON:  event=WAREHOUSE: MATERIAL ADDITION 
2024-04-21T17:34:27.611+04:00  INFO 214946 --- [Rockbitegames] [    Test worker] c.r.o.WarehouseNotificationSender        : ######################################################################################
2024-04-21T17:34:27.611+04:00  INFO 214946 --- [Rockbitegames] [    Test worker] c.rockbitegames.service.MaterialService  : Player 79fd74b6-772f-41d6-941a-5d74ad06a855, warehouse 68a1b343-bb81-4f34-81b0-032fbe33ef82, material IRON could take 0 points.
2024-04-21T17:34:27.611+04:00  INFO 214946 --- [Rockbitegames] [    Test worker] c.r.observer.MaterialNotificationSender  : ######################################################################################
2024-04-21T17:34:27.611+04:00  INFO 214946 --- [Rockbitegames] [    Test worker] c.r.observer.MaterialNotificationSender  : ---------------------MATERIAL NOTIFICATION: SENDING....-------------------------------
2024-04-21T17:34:27.611+04:00  INFO 214946 --- [Rockbitegames] [    Test worker] c.r.observer.MaterialNotificationSender  : Event, Player 79fd74b6-772f-41d6-941a-5d74ad06a855 warehouse 68a1b343-bb81-4f34-81b0-032fbe33ef82, material fc38ca94-ac2a-4c8b-a853-018668ac0455:  event=MATERIAL IS FULL 
2024-04-21T17:34:27.611+04:00  INFO 214946 --- [Rockbitegames] [    Test worker] c.r.observer.MaterialNotificationSender  : ######################################################################################
2024-04-21T17:34:27.611+04:00  INFO 214946 --- [Rockbitegames] [    Test worker] c.rockbitegames.service.MaterialService  : Player 79fd74b6-772f-41d6-941a-5d74ad06a855, warehouse 8955d88f-dfe1-4142-bbe8-304f5e405639, material IRON could take 100 points.
2024-04-21T17:34:27.611+04:00  INFO 214946 --- [Rockbitegames] [    Test worker] c.r.observer.MaterialNotificationSender  : ######################################################################################
2024-04-21T17:34:27.611+04:00  INFO 214946 --- [Rockbitegames] [    Test worker] c.r.observer.MaterialNotificationSender  : ---------------------MATERIAL NOTIFICATION: SENDING....-------------------------------
2024-04-21T17:34:27.611+04:00  INFO 214946 --- [Rockbitegames] [    Test worker] c.r.observer.MaterialNotificationSender  : Event, Player 79fd74b6-772f-41d6-941a-5d74ad06a855 warehouse 8955d88f-dfe1-4142-bbe8-304f5e405639, material fc38ca94-ac2a-4c8b-a853-018668ac0456:  event=MATERIAL IS FULL 
2024-04-21T17:34:27.611+04:00  INFO 214946 --- [Rockbitegames] [    Test worker] c.r.observer.MaterialNotificationSender  : ######################################################################################
2024-04-21T17:34:27.611+04:00  INFO 214946 --- [Rockbitegames] [    Test worker] c.r.o.WarehouseNotificationSender        : ######################################################################################
2024-04-21T17:34:27.611+04:00  INFO 214946 --- [Rockbitegames] [    Test worker] c.r.o.WarehouseNotificationSender        : ---------------------WAREHOUSE NOTIFICATION: SENDING....------------------------------
2024-04-21T17:34:27.612+04:00  INFO 214946 --- [Rockbitegames] [    Test worker] c.r.o.WarehouseNotificationSender        : Event, Player 79fd74b6-772f-41d6-941a-5d74ad06a855 warehouse fc38ca94-ac2a-4c8b-a853-018668ac0456, material IRON:  event=WAREHOUSE: MATERIAL ADDITION 
2024-04-21T17:34:27.612+04:00  INFO 214946 --- [Rockbitegames] [    Test worker] c.r.o.WarehouseNotificationSender        : ######################################################################################
2024-04-21T17:34:27.612+04:00  INFO 214946 --- [Rockbitegames] [    Test worker] c.r.o.WarehouseNotificationSender        : ######################################################################################
2024-04-21T17:34:27.612+04:00  INFO 214946 --- [Rockbitegames] [    Test worker] c.r.o.WarehouseNotificationSender        : ---------------------WAREHOUSE NOTIFICATION: SENDING....------------------------------
2024-04-21T17:34:27.612+04:00  INFO 214946 --- [Rockbitegames] [    Test worker] c.r.o.WarehouseNotificationSender        : Event, Player 79fd74b6-772f-41d6-941a-5d74ad06a855 warehouse fc38ca94-ac2a-4c8b-a853-018668ac0456, material IRON:  event=WAREHOUSE: MATERIAL REMOVAL 
2024-04-21T17:34:27.613+04:00  INFO 214946 --- [Rockbitegames] [    Test worker] c.r.o.WarehouseNotificationSender        : ######################################################################################
2024-04-21T17:34:27.613+04:00  INFO 214946 --- [Rockbitegames] [    Test worker] c.rockbitegames.service.MaterialService  : Material 8955d88f-dfe1-4142-bbe8-304f5e405639 is removed from warehouse fc38ca94-ac2a-4c8b-a853-018668ac0456
2024-04-21T17:34:27.616+04:00  INFO 214946 --- [Rockbitegames] [    Test worker] c.r.observer.PlayerNotificationSender    : ######################################################################################
2024-04-21T17:34:27.616+04:00  INFO 214946 --- [Rockbitegames] [    Test worker] c.r.observer.PlayerNotificationSender    : ---------------------PLAYER NOTIFICATION: SENDING....----------------------------------
2024-04-21T17:34:27.616+04:00  INFO 214946 --- [Rockbitegames] [    Test worker] c.r.observer.PlayerNotificationSender    : Event, Player 79fd74b6-772f-41d6-941a-5d74ad06a854 warehouse [1a3954ca-4a70-40d0-bb97-10c6b1af6200,542af584-55a6-4cd7-bbc0-dc8dcc49e4a1], material :  event=WAREHOUSE IS CREATED 
2024-04-21T17:34:27.616+04:00  INFO 214946 --- [Rockbitegames] [    Test worker] c.r.observer.PlayerNotificationSender    : ######################################################################################
2024-04-21T17:34:27.616+04:00  INFO 214946 --- [Rockbitegames] [    Test worker] c.rockbitegames.service.MaterialService  : Player 79fd74b6-772f-41d6-941a-5d74ad06a854, warehouse 1a3954ca-4a70-40d0-bb97-10c6b1af6200, material IRON could take 100 points.
2024-04-21T17:34:27.616+04:00  INFO 214946 --- [Rockbitegames] [    Test worker] c.rockbitegames.service.MaterialService  : Player 79fd74b6-772f-41d6-941a-5d74ad06a854, warehouse 1a3954ca-4a70-40d0-bb97-10c6b1af6200, material IRON capacity is 30 points.
2024-04-21T17:34:27.616+04:00  INFO 214946 --- [Rockbitegames] [    Test worker] c.r.o.WarehouseNotificationSender        : ######################################################################################
2024-04-21T17:34:27.616+04:00  INFO 214946 --- [Rockbitegames] [    Test worker] c.r.o.WarehouseNotificationSender        : ---------------------WAREHOUSE NOTIFICATION: SENDING....------------------------------
2024-04-21T17:34:27.616+04:00  INFO 214946 --- [Rockbitegames] [    Test worker] c.r.o.WarehouseNotificationSender        : Event, Player 79fd74b6-772f-41d6-941a-5d74ad06a854 warehouse fc38ca94-ac2a-4c8b-a853-018668ac0455, material IRON:  event=WAREHOUSE: MATERIAL ADDITION 
2024-04-21T17:34:27.616+04:00  INFO 214946 --- [Rockbitegames] [    Test worker] c.r.o.WarehouseNotificationSender        : ######################################################################################
2024-04-21T17:34:27.616+04:00  INFO 214946 --- [Rockbitegames] [    Test worker] c.rockbitegames.service.MaterialService  : Player 79fd74b6-772f-41d6-941a-5d74ad06a854, warehouse 1a3954ca-4a70-40d0-bb97-10c6b1af6200, material IRON could take 70 points.
2024-04-21T17:34:27.616+04:00  INFO 214946 --- [Rockbitegames] [    Test worker] c.rockbitegames.service.MaterialService  : Player 79fd74b6-772f-41d6-941a-5d74ad06a854, warehouse 1a3954ca-4a70-40d0-bb97-10c6b1af6200, material IRON capacity is 80 points.
2024-04-21T17:34:27.616+04:00  INFO 214946 --- [Rockbitegames] [    Test worker] c.rockbitegames.service.MaterialService  : Player 79fd74b6-772f-41d6-941a-5d74ad06a854, warehouse 1a3954ca-4a70-40d0-bb97-10c6b1af6200, material IRON could take 20 points.
2024-04-21T17:34:27.617+04:00  INFO 214946 --- [Rockbitegames] [    Test worker] c.r.observer.MaterialNotificationSender  : ######################################################################################
2024-04-21T17:34:27.617+04:00  INFO 214946 --- [Rockbitegames] [    Test worker] c.r.observer.MaterialNotificationSender  : ---------------------MATERIAL NOTIFICATION: SENDING....-------------------------------
2024-04-21T17:34:27.617+04:00  INFO 214946 --- [Rockbitegames] [    Test worker] c.r.observer.MaterialNotificationSender  : Event, Player 79fd74b6-772f-41d6-941a-5d74ad06a854 warehouse 1a3954ca-4a70-40d0-bb97-10c6b1af6200, material fc38ca94-ac2a-4c8b-a853-018668ac0455:  event=MATERIAL IS FULL 
2024-04-21T17:34:27.617+04:00  INFO 214946 --- [Rockbitegames] [    Test worker] c.r.observer.MaterialNotificationSender  : ######################################################################################
2024-04-21T17:34:27.617+04:00  INFO 214946 --- [Rockbitegames] [    Test worker] c.rockbitegames.service.MaterialService  : Player 79fd74b6-772f-41d6-941a-5d74ad06a854, warehouse 542af584-55a6-4cd7-bbc0-dc8dcc49e4a1, material IRON could take 100 points.
2024-04-21T17:34:27.617+04:00  INFO 214946 --- [Rockbitegames] [    Test worker] c.rockbitegames.service.MaterialService  : Player 79fd74b6-772f-41d6-941a-5d74ad06a854, warehouse 542af584-55a6-4cd7-bbc0-dc8dcc49e4a1, material IRON capacity is 10 points.
2024-04-21T17:34:27.617+04:00  INFO 214946 --- [Rockbitegames] [    Test worker] c.r.o.WarehouseNotificationSender        : ######################################################################################
2024-04-21T17:34:27.617+04:00  INFO 214946 --- [Rockbitegames] [    Test worker] c.r.o.WarehouseNotificationSender        : ---------------------WAREHOUSE NOTIFICATION: SENDING....------------------------------
2024-04-21T17:34:27.617+04:00  INFO 214946 --- [Rockbitegames] [    Test worker] c.r.o.WarehouseNotificationSender        : Event, Player 79fd74b6-772f-41d6-941a-5d74ad06a854 warehouse fc38ca94-ac2a-4c8b-a853-018668ac0455, material IRON:  event=WAREHOUSE: MATERIAL ADDITION 
2024-04-21T17:34:27.617+04:00  INFO 214946 --- [Rockbitegames] [    Test worker] c.r.o.WarehouseNotificationSender        : ######################################################################################
2024-04-21T17:34:27.617+04:00  INFO 214946 --- [Rockbitegames] [    Test worker] c.rockbitegames.service.MaterialService  : Player 79fd74b6-772f-41d6-941a-5d74ad06a854, warehouse 1a3954ca-4a70-40d0-bb97-10c6b1af6200, material IRON could take 0 points.
2024-04-21T17:34:27.617+04:00  INFO 214946 --- [Rockbitegames] [    Test worker] c.r.observer.MaterialNotificationSender  : ######################################################################################
2024-04-21T17:34:27.617+04:00  INFO 214946 --- [Rockbitegames] [    Test worker] c.r.observer.MaterialNotificationSender  : ---------------------MATERIAL NOTIFICATION: SENDING....-------------------------------
2024-04-21T17:34:27.617+04:00  INFO 214946 --- [Rockbitegames] [    Test worker] c.r.observer.MaterialNotificationSender  : Event, Player 79fd74b6-772f-41d6-941a-5d74ad06a854 warehouse 1a3954ca-4a70-40d0-bb97-10c6b1af6200, material fc38ca94-ac2a-4c8b-a853-018668ac0455:  event=MATERIAL IS FULL 
2024-04-21T17:34:27.617+04:00  INFO 214946 --- [Rockbitegames] [    Test worker] c.r.observer.MaterialNotificationSender  : ######################################################################################
2024-04-21T17:34:27.617+04:00  INFO 214946 --- [Rockbitegames] [    Test worker] c.rockbitegames.service.MaterialService  : Player 79fd74b6-772f-41d6-941a-5d74ad06a854, warehouse 542af584-55a6-4cd7-bbc0-dc8dcc49e4a1, material IRON could take 90 points.
2024-04-21T17:34:27.618+04:00  INFO 214946 --- [Rockbitegames] [    Test worker] c.r.observer.MaterialNotificationSender  : ######################################################################################
2024-04-21T17:34:27.618+04:00  INFO 214946 --- [Rockbitegames] [    Test worker] c.r.observer.MaterialNotificationSender  : ---------------------MATERIAL NOTIFICATION: SENDING....-------------------------------
2024-04-21T17:34:27.618+04:00  INFO 214946 --- [Rockbitegames] [    Test worker] c.r.observer.MaterialNotificationSender  : Event, Player 79fd74b6-772f-41d6-941a-5d74ad06a854 warehouse 542af584-55a6-4cd7-bbc0-dc8dcc49e4a1, material fc38ca94-ac2a-4c8b-a853-018668ac0455:  event=MATERIAL IS FULL 
2024-04-21T17:34:27.618+04:00  INFO 214946 --- [Rockbitegames] [    Test worker] c.r.observer.MaterialNotificationSender  : ######################################################################################
2024-04-21T17:34:27.618+04:00  WARN 214946 --- [Rockbitegames] [    Test worker] c.rockbitegames.service.MaterialService  : Player 79fd74b6-772f-41d6-941a-5d74ad06a854 does not have enough warehouse to store materials. lost points 10 .
2024-04-21T17:34:27.618+04:00  INFO 214946 --- [Rockbitegames] [    Test worker] c.rockbitegames.service.MaterialService  : Player 79fd74b6-772f-41d6-941a-5d74ad06a854, warehouse 1a3954ca-4a70-40d0-bb97-10c6b1af6200, material BOLT could take 100 points.
2024-04-21T17:34:27.618+04:00  INFO 214946 --- [Rockbitegames] [    Test worker] c.rockbitegames.service.MaterialService  : Player 79fd74b6-772f-41d6-941a-5d74ad06a854, warehouse 1a3954ca-4a70-40d0-bb97-10c6b1af6200, material BOLT capacity is 80 points.
2024-04-21T17:34:27.618+04:00  INFO 214946 --- [Rockbitegames] [    Test worker] c.r.o.WarehouseNotificationSender        : ######################################################################################
2024-04-21T17:34:27.618+04:00  INFO 214946 --- [Rockbitegames] [    Test worker] c.r.o.WarehouseNotificationSender        : ---------------------WAREHOUSE NOTIFICATION: SENDING....------------------------------
2024-04-21T17:34:27.618+04:00  INFO 214946 --- [Rockbitegames] [    Test worker] c.r.o.WarehouseNotificationSender        : Event, Player 79fd74b6-772f-41d6-941a-5d74ad06a854 warehouse fc38ca94-ac2a-4c8b-a853-018668ac0455, material BOLT:  event=WAREHOUSE: MATERIAL ADDITION 
2024-04-21T17:34:27.618+04:00  INFO 214946 --- [Rockbitegames] [    Test worker] c.r.o.WarehouseNotificationSender        : ######################################################################################
2024-04-21T17:34:27.618+04:00  INFO 214946 --- [Rockbitegames] [    Test worker] c.rockbitegames.service.MaterialService  : Player 79fd74b6-772f-41d6-941a-5d74ad06a854, warehouse 1a3954ca-4a70-40d0-bb97-10c6b1af6200, material BOLT could take 20 points.
2024-04-21T17:34:27.619+04:00  INFO 214946 --- [Rockbitegames] [    Test worker] c.r.observer.MaterialNotificationSender  : ######################################################################################
2024-04-21T17:34:27.619+04:00  INFO 214946 --- [Rockbitegames] [    Test worker] c.r.observer.MaterialNotificationSender  : ---------------------MATERIAL NOTIFICATION: SENDING....-------------------------------
2024-04-21T17:34:27.619+04:00  INFO 214946 --- [Rockbitegames] [    Test worker] c.r.observer.MaterialNotificationSender  : Event, Player 79fd74b6-772f-41d6-941a-5d74ad06a854 warehouse 1a3954ca-4a70-40d0-bb97-10c6b1af6200, material fc38ca94-ac2a-4c8b-a853-018668ac0455:  event=MATERIAL IS FULL 
2024-04-21T17:34:27.619+04:00  INFO 214946 --- [Rockbitegames] [    Test worker] c.r.observer.MaterialNotificationSender  : ######################################################################################
2024-04-21T17:34:27.619+04:00  INFO 214946 --- [Rockbitegames] [    Test worker] c.rockbitegames.service.MaterialService  : Player 79fd74b6-772f-41d6-941a-5d74ad06a854, warehouse 542af584-55a6-4cd7-bbc0-dc8dcc49e4a1, material BOLT could take 100 points.
2024-04-21T17:34:27.619+04:00  INFO 214946 --- [Rockbitegames] [    Test worker] c.rockbitegames.service.MaterialService  : Player 79fd74b6-772f-41d6-941a-5d74ad06a854, warehouse 542af584-55a6-4cd7-bbc0-dc8dcc49e4a1, material BOLT capacity is 30 points.
2024-04-21T17:34:27.619+04:00  INFO 214946 --- [Rockbitegames] [    Test worker] c.r.o.WarehouseNotificationSender        : ######################################################################################
2024-04-21T17:34:27.619+04:00  INFO 214946 --- [Rockbitegames] [    Test worker] c.r.o.WarehouseNotificationSender        : ---------------------WAREHOUSE NOTIFICATION: SENDING....------------------------------
2024-04-21T17:34:27.619+04:00  INFO 214946 --- [Rockbitegames] [    Test worker] c.r.o.WarehouseNotificationSender        : Event, Player 79fd74b6-772f-41d6-941a-5d74ad06a854 warehouse fc38ca94-ac2a-4c8b-a853-018668ac0455, material BOLT:  event=WAREHOUSE: MATERIAL ADDITION 
2024-04-21T17:34:27.619+04:00  INFO 214946 --- [Rockbitegames] [    Test worker] c.r.o.WarehouseNotificationSender        : ######################################################################################
2024-04-21T17:34:27.619+04:00  INFO 214946 --- [Rockbitegames] [    Test worker] c.rockbitegames.service.MaterialService  : Player 79fd74b6-772f-41d6-941a-5d74ad06a854, warehouse 1a3954ca-4a70-40d0-bb97-10c6b1af6200, material BOLT could take 0 points.
2024-04-21T17:34:27.619+04:00  INFO 214946 --- [Rockbitegames] [    Test worker] c.r.observer.MaterialNotificationSender  : ######################################################################################
2024-04-21T17:34:27.619+04:00  INFO 214946 --- [Rockbitegames] [    Test worker] c.r.observer.MaterialNotificationSender  : ---------------------MATERIAL NOTIFICATION: SENDING....-------------------------------
2024-04-21T17:34:27.619+04:00  INFO 214946 --- [Rockbitegames] [    Test worker] c.r.observer.MaterialNotificationSender  : Event, Player 79fd74b6-772f-41d6-941a-5d74ad06a854 warehouse 1a3954ca-4a70-40d0-bb97-10c6b1af6200, material fc38ca94-ac2a-4c8b-a853-018668ac0455:  event=MATERIAL IS FULL 
2024-04-21T17:34:27.619+04:00  INFO 214946 --- [Rockbitegames] [    Test worker] c.r.observer.MaterialNotificationSender  : ######################################################################################
2024-04-21T17:34:27.619+04:00  INFO 214946 --- [Rockbitegames] [    Test worker] c.rockbitegames.service.MaterialService  : Player 79fd74b6-772f-41d6-941a-5d74ad06a854, warehouse 542af584-55a6-4cd7-bbc0-dc8dcc49e4a1, material BOLT could take 70 points.
2024-04-21T17:34:27.620+04:00  INFO 214946 --- [Rockbitegames] [    Test worker] c.rockbitegames.service.MaterialService  : Player 79fd74b6-772f-41d6-941a-5d74ad06a854, warehouse 542af584-55a6-4cd7-bbc0-dc8dcc49e4a1, material BOLT capacity is 60 points.
2024-04-21T17:34:27.620+04:00  INFO 214946 --- [Rockbitegames] [    Test worker] c.rockbitegames.service.MaterialService  : Player 79fd74b6-772f-41d6-941a-5d74ad06a854, warehouse 1a3954ca-4a70-40d0-bb97-10c6b1af6200, material BOLT could take 0 points.
2024-04-21T17:34:27.620+04:00  INFO 214946 --- [Rockbitegames] [    Test worker] c.r.observer.MaterialNotificationSender  : ######################################################################################
2024-04-21T17:34:27.620+04:00  INFO 214946 --- [Rockbitegames] [    Test worker] c.r.observer.MaterialNotificationSender  : ---------------------MATERIAL NOTIFICATION: SENDING....-------------------------------
2024-04-21T17:34:27.620+04:00  INFO 214946 --- [Rockbitegames] [    Test worker] c.r.observer.MaterialNotificationSender  : Event, Player 79fd74b6-772f-41d6-941a-5d74ad06a854 warehouse 1a3954ca-4a70-40d0-bb97-10c6b1af6200, material fc38ca94-ac2a-4c8b-a853-018668ac0455:  event=MATERIAL IS FULL 
2024-04-21T17:34:27.620+04:00  INFO 214946 --- [Rockbitegames] [    Test worker] c.r.observer.MaterialNotificationSender  : ######################################################################################
2024-04-21T17:34:27.620+04:00  INFO 214946 --- [Rockbitegames] [    Test worker] c.rockbitegames.service.MaterialService  : Player 79fd74b6-772f-41d6-941a-5d74ad06a854, warehouse 542af584-55a6-4cd7-bbc0-dc8dcc49e4a1, material BOLT could take 40 points.
2024-04-21T17:34:27.620+04:00  INFO 214946 --- [Rockbitegames] [    Test worker] c.r.observer.MaterialNotificationSender  : ######################################################################################
2024-04-21T17:34:27.620+04:00  INFO 214946 --- [Rockbitegames] [    Test worker] c.r.observer.MaterialNotificationSender  : ---------------------MATERIAL NOTIFICATION: SENDING....-------------------------------
2024-04-21T17:34:27.620+04:00  INFO 214946 --- [Rockbitegames] [    Test worker] c.r.observer.MaterialNotificationSender  : Event, Player 79fd74b6-772f-41d6-941a-5d74ad06a854 warehouse 542af584-55a6-4cd7-bbc0-dc8dcc49e4a1, material fc38ca94-ac2a-4c8b-a853-018668ac0455:  event=MATERIAL IS FULL 
2024-04-21T17:34:27.620+04:00  INFO 214946 --- [Rockbitegames] [    Test worker] c.r.observer.MaterialNotificationSender  : ######################################################################################
2024-04-21T17:34:27.620+04:00  WARN 214946 --- [Rockbitegames] [    Test worker] c.rockbitegames.service.MaterialService  : Player 79fd74b6-772f-41d6-941a-5d74ad06a854 does not have enough warehouse to store materials. lost points 60 .
2024-04-21T17:34:27.623+04:00  INFO 214946 --- [Rockbitegames] [    Test worker] c.r.observer.PlayerNotificationSender    : ######################################################################################
2024-04-21T17:34:27.623+04:00  INFO 214946 --- [Rockbitegames] [    Test worker] c.r.observer.PlayerNotificationSender    : ---------------------PLAYER NOTIFICATION: SENDING....----------------------------------
2024-04-21T17:34:27.623+04:00  INFO 214946 --- [Rockbitegames] [    Test worker] c.r.observer.PlayerNotificationSender    : Event, Player 89fd74b6-772f-41d6-941a-5d74ad06a856 warehouse [85fb9a80-37c2-41a4-a3c1-2c8e2397f7f5,af393be4-1803-4b18-956f-ab83232863fc,32321a11-ef41-48fb-845e-a56a85e9044b], material :  event=WAREHOUSE IS CREATED 
2024-04-21T17:34:27.623+04:00  INFO 214946 --- [Rockbitegames] [    Test worker] c.r.observer.PlayerNotificationSender    : ######################################################################################
2024-04-21T17:34:27.623+04:00  INFO 214946 --- [Rockbitegames] [    Test worker] c.rockbitegames.service.MaterialService  : Player 89fd74b6-772f-41d6-941a-5d74ad06a856, warehouse 85fb9a80-37c2-41a4-a3c1-2c8e2397f7f5, material BOLT could take 100 points.
2024-04-21T17:34:27.623+04:00  INFO 214946 --- [Rockbitegames] [    Test worker] c.rockbitegames.service.MaterialService  : Player 89fd74b6-772f-41d6-941a-5d74ad06a856, warehouse 85fb9a80-37c2-41a4-a3c1-2c8e2397f7f5, material BOLT capacity is 80 points.
2024-04-21T17:34:27.623+04:00  INFO 214946 --- [Rockbitegames] [    Test worker] c.r.o.WarehouseNotificationSender        : ######################################################################################
2024-04-21T17:34:27.623+04:00  INFO 214946 --- [Rockbitegames] [    Test worker] c.r.o.WarehouseNotificationSender        : ---------------------WAREHOUSE NOTIFICATION: SENDING....------------------------------
2024-04-21T17:34:27.623+04:00  INFO 214946 --- [Rockbitegames] [    Test worker] c.r.o.WarehouseNotificationSender        : Event, Player 89fd74b6-772f-41d6-941a-5d74ad06a856 warehouse 5c38ca94-ac2a-4c8b-a853-018668ac0456, material BOLT:  event=WAREHOUSE: MATERIAL ADDITION 
2024-04-21T17:34:27.623+04:00  INFO 214946 --- [Rockbitegames] [    Test worker] c.r.o.WarehouseNotificationSender        : ######################################################################################
2024-04-21T17:34:27.623+04:00  INFO 214946 --- [Rockbitegames] [    Test worker] c.rockbitegames.service.MaterialService  : Player 89fd74b6-772f-41d6-941a-5d74ad06a856, warehouse 85fb9a80-37c2-41a4-a3c1-2c8e2397f7f5, material BOLT could take 20 points.
2024-04-21T17:34:27.623+04:00  INFO 214946 --- [Rockbitegames] [    Test worker] c.r.observer.MaterialNotificationSender  : ######################################################################################
2024-04-21T17:34:27.623+04:00  INFO 214946 --- [Rockbitegames] [    Test worker] c.r.observer.MaterialNotificationSender  : ---------------------MATERIAL NOTIFICATION: SENDING....-------------------------------
2024-04-21T17:34:27.623+04:00  INFO 214946 --- [Rockbitegames] [    Test worker] c.r.observer.MaterialNotificationSender  : Event, Player 89fd74b6-772f-41d6-941a-5d74ad06a856 warehouse 85fb9a80-37c2-41a4-a3c1-2c8e2397f7f5, material 5c38ca94-ac2a-4c8b-a853-018668ac0456:  event=MATERIAL IS FULL 
2024-04-21T17:34:27.624+04:00  INFO 214946 --- [Rockbitegames] [    Test worker] c.r.observer.MaterialNotificationSender  : ######################################################################################
2024-04-21T17:34:27.624+04:00  INFO 214946 --- [Rockbitegames] [    Test worker] c.rockbitegames.service.MaterialService  : Player 89fd74b6-772f-41d6-941a-5d74ad06a856, warehouse af393be4-1803-4b18-956f-ab83232863fc, material BOLT could take 100 points.
2024-04-21T17:34:27.624+04:00  INFO 214946 --- [Rockbitegames] [    Test worker] c.rockbitegames.service.MaterialService  : Player 89fd74b6-772f-41d6-941a-5d74ad06a856, warehouse af393be4-1803-4b18-956f-ab83232863fc, material BOLT capacity is 50 points.
2024-04-21T17:34:27.624+04:00  INFO 214946 --- [Rockbitegames] [    Test worker] c.r.o.WarehouseNotificationSender        : ######################################################################################
2024-04-21T17:34:27.624+04:00  INFO 214946 --- [Rockbitegames] [    Test worker] c.r.o.WarehouseNotificationSender        : ---------------------WAREHOUSE NOTIFICATION: SENDING....------------------------------
2024-04-21T17:34:27.624+04:00  INFO 214946 --- [Rockbitegames] [    Test worker] c.r.o.WarehouseNotificationSender        : Event, Player 89fd74b6-772f-41d6-941a-5d74ad06a856 warehouse 6c38ca94-ac2a-4c8b-a853-018668ac0456, material BOLT:  event=WAREHOUSE: MATERIAL ADDITION 
2024-04-21T17:34:27.624+04:00  INFO 214946 --- [Rockbitegames] [    Test worker] c.r.o.WarehouseNotificationSender        : ######################################################################################
2024-04-21T17:34:27.624+04:00  INFO 214946 --- [Rockbitegames] [    Test worker] c.rockbitegames.service.MaterialService  : Player 89fd74b6-772f-41d6-941a-5d74ad06a856, warehouse 85fb9a80-37c2-41a4-a3c1-2c8e2397f7f5, material BOLT could take 0 points.
2024-04-21T17:34:27.624+04:00  INFO 214946 --- [Rockbitegames] [    Test worker] c.r.observer.MaterialNotificationSender  : ######################################################################################
2024-04-21T17:34:27.624+04:00  INFO 214946 --- [Rockbitegames] [    Test worker] c.r.observer.MaterialNotificationSender  : ---------------------MATERIAL NOTIFICATION: SENDING....-------------------------------
2024-04-21T17:34:27.624+04:00  INFO 214946 --- [Rockbitegames] [    Test worker] c.r.observer.MaterialNotificationSender  : Event, Player 89fd74b6-772f-41d6-941a-5d74ad06a856 warehouse 85fb9a80-37c2-41a4-a3c1-2c8e2397f7f5, material 5c38ca94-ac2a-4c8b-a853-018668ac0456:  event=MATERIAL IS FULL 
2024-04-21T17:34:27.624+04:00  INFO 214946 --- [Rockbitegames] [    Test worker] c.r.observer.MaterialNotificationSender  : ######################################################################################
2024-04-21T17:34:27.624+04:00  INFO 214946 --- [Rockbitegames] [    Test worker] c.rockbitegames.service.MaterialService  : Player 89fd74b6-772f-41d6-941a-5d74ad06a856, warehouse af393be4-1803-4b18-956f-ab83232863fc, material BOLT could take 50 points.
2024-04-21T17:34:27.624+04:00  INFO 214946 --- [Rockbitegames] [    Test worker] c.r.observer.MaterialNotificationSender  : ######################################################################################
2024-04-21T17:34:27.624+04:00  INFO 214946 --- [Rockbitegames] [    Test worker] c.r.observer.MaterialNotificationSender  : ---------------------MATERIAL NOTIFICATION: SENDING....-------------------------------
2024-04-21T17:34:27.624+04:00  INFO 214946 --- [Rockbitegames] [    Test worker] c.r.observer.MaterialNotificationSender  : Event, Player 89fd74b6-772f-41d6-941a-5d74ad06a856 warehouse af393be4-1803-4b18-956f-ab83232863fc, material 6c38ca94-ac2a-4c8b-a853-018668ac0456:  event=MATERIAL IS FULL 
2024-04-21T17:34:27.624+04:00  INFO 214946 --- [Rockbitegames] [    Test worker] c.r.observer.MaterialNotificationSender  : ######################################################################################
2024-04-21T17:34:27.624+04:00  INFO 214946 --- [Rockbitegames] [    Test worker] c.rockbitegames.service.MaterialService  : Player 89fd74b6-772f-41d6-941a-5d74ad06a856, warehouse 32321a11-ef41-48fb-845e-a56a85e9044b, material BOLT could take 100 points.
2024-04-21T17:34:27.624+04:00  INFO 214946 --- [Rockbitegames] [    Test worker] c.rockbitegames.service.MaterialService  : Player 89fd74b6-772f-41d6-941a-5d74ad06a856, warehouse 32321a11-ef41-48fb-845e-a56a85e9044b, material BOLT capacity is 20 points.
2024-04-21T17:34:27.625+04:00  INFO 214946 --- [Rockbitegames] [    Test worker] c.r.o.WarehouseNotificationSender        : ######################################################################################
2024-04-21T17:34:27.625+04:00  INFO 214946 --- [Rockbitegames] [    Test worker] c.r.o.WarehouseNotificationSender        : ---------------------WAREHOUSE NOTIFICATION: SENDING....------------------------------
2024-04-21T17:34:27.625+04:00  INFO 214946 --- [Rockbitegames] [    Test worker] c.r.o.WarehouseNotificationSender        : Event, Player 89fd74b6-772f-41d6-941a-5d74ad06a856 warehouse 7c38ca94-ac2a-4c8b-a853-018668ac0456, material BOLT:  event=WAREHOUSE: MATERIAL ADDITION 
2024-04-21T17:34:27.625+04:00  INFO 214946 --- [Rockbitegames] [    Test worker] c.r.o.WarehouseNotificationSender        : ######################################################################################
2024-04-21T17:34:27.625+04:00  INFO 214946 --- [Rockbitegames] [    Test worker] c.rockbitegames.service.MaterialService  : Player 89fd74b6-772f-41d6-941a-5d74ad06a856, warehouse 85fb9a80-37c2-41a4-a3c1-2c8e2397f7f5, material IRON could take 100 points.
2024-04-21T17:34:27.625+04:00  INFO 214946 --- [Rockbitegames] [    Test worker] c.r.observer.MaterialNotificationSender  : ######################################################################################
2024-04-21T17:34:27.625+04:00  INFO 214946 --- [Rockbitegames] [    Test worker] c.r.observer.MaterialNotificationSender  : ---------------------MATERIAL NOTIFICATION: SENDING....-------------------------------
2024-04-21T17:34:27.625+04:00  INFO 214946 --- [Rockbitegames] [    Test worker] c.r.observer.MaterialNotificationSender  : Event, Player 89fd74b6-772f-41d6-941a-5d74ad06a856 warehouse 85fb9a80-37c2-41a4-a3c1-2c8e2397f7f5, material fc38ca94-ac2a-4c8b-a853-018668ac0455:  event=MATERIAL IS FULL 
2024-04-21T17:34:27.625+04:00  INFO 214946 --- [Rockbitegames] [    Test worker] c.r.observer.MaterialNotificationSender  : ######################################################################################
2024-04-21T17:34:27.625+04:00  INFO 214946 --- [Rockbitegames] [    Test worker] c.r.o.WarehouseNotificationSender        : ######################################################################################
2024-04-21T17:34:27.625+04:00  INFO 214946 --- [Rockbitegames] [    Test worker] c.r.o.WarehouseNotificationSender        : ---------------------WAREHOUSE NOTIFICATION: SENDING....------------------------------
2024-04-21T17:34:27.625+04:00  INFO 214946 --- [Rockbitegames] [    Test worker] c.r.o.WarehouseNotificationSender        : Event, Player 89fd74b6-772f-41d6-941a-5d74ad06a856 warehouse fc38ca94-ac2a-4c8b-a853-018668ac0455, material IRON:  event=WAREHOUSE: MATERIAL ADDITION 
2024-04-21T17:34:27.625+04:00  INFO 214946 --- [Rockbitegames] [    Test worker] c.r.o.WarehouseNotificationSender        : ######################################################################################
2024-04-21T17:34:27.625+04:00  INFO 214946 --- [Rockbitegames] [    Test worker] c.rockbitegames.service.MaterialService  : Player 89fd74b6-772f-41d6-941a-5d74ad06a856, warehouse 85fb9a80-37c2-41a4-a3c1-2c8e2397f7f5, material IRON could take 0 points.
2024-04-21T17:34:27.625+04:00  INFO 214946 --- [Rockbitegames] [    Test worker] c.r.observer.MaterialNotificationSender  : ######################################################################################
2024-04-21T17:34:27.625+04:00  INFO 214946 --- [Rockbitegames] [    Test worker] c.r.observer.MaterialNotificationSender  : ---------------------MATERIAL NOTIFICATION: SENDING....-------------------------------
2024-04-21T17:34:27.625+04:00  INFO 214946 --- [Rockbitegames] [    Test worker] c.r.observer.MaterialNotificationSender  : Event, Player 89fd74b6-772f-41d6-941a-5d74ad06a856 warehouse 85fb9a80-37c2-41a4-a3c1-2c8e2397f7f5, material fc38ca94-ac2a-4c8b-a853-018668ac0455:  event=MATERIAL IS FULL 
2024-04-21T17:34:27.625+04:00  INFO 214946 --- [Rockbitegames] [    Test worker] c.r.observer.MaterialNotificationSender  : ######################################################################################
2024-04-21T17:34:27.625+04:00  INFO 214946 --- [Rockbitegames] [    Test worker] c.rockbitegames.service.MaterialService  : Player 89fd74b6-772f-41d6-941a-5d74ad06a856, warehouse af393be4-1803-4b18-956f-ab83232863fc, material IRON could take 100 points.
2024-04-21T17:34:27.625+04:00  INFO 214946 --- [Rockbitegames] [    Test worker] c.r.observer.MaterialNotificationSender  : ######################################################################################
2024-04-21T17:34:27.626+04:00  INFO 214946 --- [Rockbitegames] [    Test worker] c.r.observer.MaterialNotificationSender  : ---------------------MATERIAL NOTIFICATION: SENDING....-------------------------------
2024-04-21T17:34:27.626+04:00  INFO 214946 --- [Rockbitegames] [    Test worker] c.r.observer.MaterialNotificationSender  : Event, Player 89fd74b6-772f-41d6-941a-5d74ad06a856 warehouse af393be4-1803-4b18-956f-ab83232863fc, material fc38ca94-ac2a-4c8b-a853-018668ac0455:  event=MATERIAL IS FULL 
2024-04-21T17:34:27.626+04:00  INFO 214946 --- [Rockbitegames] [    Test worker] c.r.observer.MaterialNotificationSender  : ######################################################################################
2024-04-21T17:34:27.626+04:00  INFO 214946 --- [Rockbitegames] [    Test worker] c.r.o.WarehouseNotificationSender        : ######################################################################################
2024-04-21T17:34:27.626+04:00  INFO 214946 --- [Rockbitegames] [    Test worker] c.r.o.WarehouseNotificationSender        : ---------------------WAREHOUSE NOTIFICATION: SENDING....------------------------------
2024-04-21T17:34:27.626+04:00  INFO 214946 --- [Rockbitegames] [    Test worker] c.r.o.WarehouseNotificationSender        : Event, Player 89fd74b6-772f-41d6-941a-5d74ad06a856 warehouse fc38ca94-ac2a-4c8b-a853-018668ac0455, material IRON:  event=WAREHOUSE: MATERIAL ADDITION 
2024-04-21T17:34:27.626+04:00  INFO 214946 --- [Rockbitegames] [    Test worker] c.r.o.WarehouseNotificationSender        : ######################################################################################
2024-04-21T17:34:27.626+04:00  INFO 214946 --- [Rockbitegames] [    Test worker] c.rockbitegames.service.MaterialService  : Player 89fd74b6-772f-41d6-941a-5d74ad06a856, warehouse 85fb9a80-37c2-41a4-a3c1-2c8e2397f7f5, material IRON could take 0 points.
2024-04-21T17:34:27.626+04:00  INFO 214946 --- [Rockbitegames] [    Test worker] c.r.observer.MaterialNotificationSender  : ######################################################################################
2024-04-21T17:34:27.626+04:00  INFO 214946 --- [Rockbitegames] [    Test worker] c.r.observer.MaterialNotificationSender  : ---------------------MATERIAL NOTIFICATION: SENDING....-------------------------------
2024-04-21T17:34:27.626+04:00  INFO 214946 --- [Rockbitegames] [    Test worker] c.r.observer.MaterialNotificationSender  : Event, Player 89fd74b6-772f-41d6-941a-5d74ad06a856 warehouse 85fb9a80-37c2-41a4-a3c1-2c8e2397f7f5, material fc38ca94-ac2a-4c8b-a853-018668ac0455:  event=MATERIAL IS FULL 
2024-04-21T17:34:27.626+04:00  INFO 214946 --- [Rockbitegames] [    Test worker] c.r.observer.MaterialNotificationSender  : ######################################################################################
2024-04-21T17:34:27.626+04:00  INFO 214946 --- [Rockbitegames] [    Test worker] c.r.o.WarehouseNotificationSender        : ######################################################################################
2024-04-21T17:34:27.626+04:00  INFO 214946 --- [Rockbitegames] [    Test worker] c.r.o.WarehouseNotificationSender        : ---------------------WAREHOUSE NOTIFICATION: SENDING....------------------------------
2024-04-21T17:34:27.626+04:00  INFO 214946 --- [Rockbitegames] [    Test worker] c.r.o.WarehouseNotificationSender        : Event, Player 89fd74b6-772f-41d6-941a-5d74ad06a856 warehouse fc38ca94-ac2a-4c8b-a853-018668ac0455, material IRON:  event=WAREHOUSE: MATERIAL REMOVAL 
2024-04-21T17:34:27.626+04:00  INFO 214946 --- [Rockbitegames] [    Test worker] c.r.o.WarehouseNotificationSender        : ######################################################################################
2024-04-21T17:34:27.626+04:00  INFO 214946 --- [Rockbitegames] [    Test worker] c.rockbitegames.service.MaterialService  : Material 85fb9a80-37c2-41a4-a3c1-2c8e2397f7f5 is removed from warehouse fc38ca94-ac2a-4c8b-a853-018668ac0455
2024-04-21T17:34:27.626+04:00  INFO 214946 --- [Rockbitegames] [    Test worker] c.rockbitegames.service.MaterialService  : Player 89fd74b6-772f-41d6-941a-5d74ad06a856, warehouse af393be4-1803-4b18-956f-ab83232863fc, material IRON could take 0 points.
2024-04-21T17:34:27.626+04:00  INFO 214946 --- [Rockbitegames] [    Test worker] c.r.observer.MaterialNotificationSender  : ######################################################################################
2024-04-21T17:34:27.627+04:00  INFO 214946 --- [Rockbitegames] [    Test worker] c.r.observer.MaterialNotificationSender  : ---------------------MATERIAL NOTIFICATION: SENDING....-------------------------------
2024-04-21T17:34:27.627+04:00  INFO 214946 --- [Rockbitegames] [    Test worker] c.r.observer.MaterialNotificationSender  : Event, Player 89fd74b6-772f-41d6-941a-5d74ad06a856 warehouse af393be4-1803-4b18-956f-ab83232863fc, material fc38ca94-ac2a-4c8b-a853-018668ac0455:  event=MATERIAL IS FULL 
2024-04-21T17:34:27.627+04:00  INFO 214946 --- [Rockbitegames] [    Test worker] c.r.observer.MaterialNotificationSender  : ######################################################################################
2024-04-21T17:34:27.627+04:00  INFO 214946 --- [Rockbitegames] [    Test worker] c.r.observer.MaterialNotificationSender  : ######################################################################################
2024-04-21T17:34:27.627+04:00  INFO 214946 --- [Rockbitegames] [    Test worker] c.r.observer.MaterialNotificationSender  : ---------------------MATERIAL NOTIFICATION: SENDING....-------------------------------
2024-04-21T17:34:27.627+04:00  INFO 214946 --- [Rockbitegames] [    Test worker] c.r.observer.MaterialNotificationSender  : Event, Player 89fd74b6-772f-41d6-941a-5d74ad06a856 warehouse 85fb9a80-37c2-41a4-a3c1-2c8e2397f7f5, material fc38ca94-ac2a-4c8b-a853-018668ac0455:  event=MATERIAL IS FULL 
2024-04-21T17:34:27.627+04:00  INFO 214946 --- [Rockbitegames] [    Test worker] c.r.observer.MaterialNotificationSender  : ######################################################################################
2024-04-21T17:34:27.630+04:00  INFO 214946 --- [Rockbitegames] [    Test worker] c.r.observer.PlayerNotificationSender    : ######################################################################################
2024-04-21T17:34:27.630+04:00  INFO 214946 --- [Rockbitegames] [    Test worker] c.r.observer.PlayerNotificationSender    : ---------------------PLAYER NOTIFICATION: SENDING....----------------------------------
2024-04-21T17:34:27.630+04:00  INFO 214946 --- [Rockbitegames] [    Test worker] c.r.observer.PlayerNotificationSender    : Event, Player 79fd74b6-772f-41d6-941a-5d74ad06a856 warehouse [97f218b9-447b-439e-b751-177b0dbb6d7a,c3eff109-92af-497e-9579-27c75616796f], material :  event=WAREHOUSE IS CREATED 
2024-04-21T17:34:27.630+04:00  INFO 214946 --- [Rockbitegames] [    Test worker] c.r.observer.PlayerNotificationSender    : ######################################################################################
2024-04-21T17:34:27.630+04:00  INFO 214946 --- [Rockbitegames] [    Test worker] c.rockbitegames.service.MaterialService  : Player 79fd74b6-772f-41d6-941a-5d74ad06a856, warehouse 97f218b9-447b-439e-b751-177b0dbb6d7a, material IRON could take 100 points.
2024-04-21T17:34:27.630+04:00  INFO 214946 --- [Rockbitegames] [    Test worker] c.rockbitegames.service.MaterialService  : Player 79fd74b6-772f-41d6-941a-5d74ad06a856, warehouse 97f218b9-447b-439e-b751-177b0dbb6d7a, material IRON capacity is 30 points.
2024-04-21T17:34:27.630+04:00  INFO 214946 --- [Rockbitegames] [    Test worker] c.r.o.WarehouseNotificationSender        : ######################################################################################
2024-04-21T17:34:27.630+04:00  INFO 214946 --- [Rockbitegames] [    Test worker] c.r.o.WarehouseNotificationSender        : ---------------------WAREHOUSE NOTIFICATION: SENDING....------------------------------
2024-04-21T17:34:27.630+04:00  INFO 214946 --- [Rockbitegames] [    Test worker] c.r.o.WarehouseNotificationSender        : Event, Player 79fd74b6-772f-41d6-941a-5d74ad06a856 warehouse fc38ca94-ac2a-4c8b-a853-018668ac0455, material IRON:  event=WAREHOUSE: MATERIAL ADDITION 
2024-04-21T17:34:27.630+04:00  INFO 214946 --- [Rockbitegames] [    Test worker] c.r.o.WarehouseNotificationSender        : ######################################################################################
2024-04-21T17:34:27.631+04:00  INFO 214946 --- [Rockbitegames] [    Test worker] c.r.o.WarehouseNotificationSender        : ######################################################################################
2024-04-21T17:34:27.631+04:00  INFO 214946 --- [Rockbitegames] [    Test worker] c.r.o.WarehouseNotificationSender        : ---------------------WAREHOUSE NOTIFICATION: SENDING....------------------------------
2024-04-21T17:34:27.631+04:00  INFO 214946 --- [Rockbitegames] [    Test worker] c.r.o.WarehouseNotificationSender        : Event, Player 79fd74b6-772f-41d6-941a-5d74ad06a856 warehouse fc38ca94-ac2a-4c8b-a853-018668ac0455, material IRON:  event=WAREHOUSE: MATERIAL REMOVAL 
2024-04-21T17:34:27.631+04:00  INFO 214946 --- [Rockbitegames] [    Test worker] c.r.o.WarehouseNotificationSender        : ######################################################################################
2024-04-21T17:34:27.631+04:00  INFO 214946 --- [Rockbitegames] [    Test worker] c.rockbitegames.service.MaterialService  : Material 97f218b9-447b-439e-b751-177b0dbb6d7a is removed from warehouse fc38ca94-ac2a-4c8b-a853-018668ac0455
2024-04-21T17:34:27.631+04:00  INFO 214946 --- [Rockbitegames] [    Test worker] c.r.o.WarehouseNotificationSender        : ######################################################################################
2024-04-21T17:34:27.631+04:00  INFO 214946 --- [Rockbitegames] [    Test worker] c.r.o.WarehouseNotificationSender        : ---------------------WAREHOUSE NOTIFICATION: SENDING....------------------------------
2024-04-21T17:34:27.631+04:00  INFO 214946 --- [Rockbitegames] [    Test worker] c.r.o.WarehouseNotificationSender        : Event, Player 79fd74b6-772f-41d6-941a-5d74ad06a856 warehouse fc38ca94-ac2a-4c8b-a853-018668ac0455, material IRON:  event=WAREHOUSE: MATERIAL ADDITION 
2024-04-21T17:34:27.631+04:00  INFO 214946 --- [Rockbitegames] [    Test worker] c.r.o.WarehouseNotificationSender        : ######################################################################################
]]></system-out>
  <system-err><![CDATA[]]></system-err>
</testsuite>
