<?xml version="1.0" encoding="UTF-8"?>
<testsuite name="com.rockbitegames.RockbitegamesApplicationTests" tests="1" skipped="0" failures="0" errors="0" timestamp="2024-04-21T13:34:27" hostname="garik" time="0.444">
  <properties/>
  <testcase name="contextLoads()" classname="com.rockbitegames.RockbitegamesApplicationTests" time="0.444"/>
  <system-out><![CDATA[17:34:26.128 [Test worker] INFO org.springframework.test.context.support.AnnotationConfigContextLoaderUtils -- Could not detect default configuration classes for test class [com.rockbitegames.RockbitegamesApplicationTests]: RockbitegamesApplicationTests does not declare any static, non-private, non-final, nested classes annotated with @Configuration.
17:34:26.181 [Test worker] INFO org.springframework.boot.test.context.SpringBootTestContextBootstrapper -- Found @SpringBootConfiguration com.rockbitegames.RockbitegamesApplication for test class com.rockbitegames.RockbitegamesApplicationTests

  .   ____          _            __ _ _
 /\\ / ___'_ __ _ _(_)_ __  __ _ \ \ \ \
( ( )\___ | '_ | '_| | '_ \/ _` | \ \ \ \
 \\/  ___)| |_)| | | | | || (_| |  ) ) ) )
  '  |____| .__|_| |_|_| |_\__, | / / / /
 =========|_|==============|___/=/_/_/_/
 :: Spring Boot ::                (v3.2.4)

2024-04-21T17:34:26.382+04:00  INFO 214946 --- [Rockbitegames] [    Test worker] c.r.RockbitegamesApplicationTests        : Starting RockbitegamesApplicationTests using Java 17.0.8 with PID 214946 (started by garik in /home/garik/Desktop/JAVA-TRAININGS-MINE/rockbitegames)
2024-04-21T17:34:26.382+04:00  INFO 214946 --- [Rockbitegames] [    Test worker] c.r.RockbitegamesApplicationTests        : The following 1 profile is active: "test"
2024-04-21T17:34:27.123+04:00  INFO 214946 --- [Rockbitegames] [    Test worker] c.r.RockbitegamesApplicationTests        : Started RockbitegamesApplicationTests in 0.869 seconds (process running for 1.419)
]]></system-out>
  <system-err><![CDATA[]]></system-err>
</testsuite>
