<?xml version="1.0" encoding="UTF-8"?>
<testsuite name="com.rockbitegames.service.MaterialEntityServiceTest" tests="7" skipped="0" failures="0" errors="0" timestamp="2024-04-21T12:36:45" hostname="garik" time="0.038">
  <properties/>
  <testcase name="moveMaterialIfThereAreWarehouseWithTwoMaterial()" classname="com.rockbitegames.service.MaterialEntityServiceTest" time="0.009"/>
  <testcase name="moveMaterialIfThereAreWarehouseWithHalfMaterial()" classname="com.rockbitegames.service.MaterialEntityServiceTest" time="0.003"/>
  <testcase name="removeMaterial()" classname="com.rockbitegames.service.MaterialEntityServiceTest" time="0.005"/>
  <testcase name="addMaterial()" classname="com.rockbitegames.service.MaterialEntityServiceTest" time="0.006"/>
  <testcase name="moveMaterialWithRollBack()" classname="com.rockbitegames.service.MaterialEntityServiceTest" time="0.005"/>
  <testcase name="moveMaterialIfThereAreWarehouseWithMoreMaterial()" classname="com.rockbitegames.service.MaterialEntityServiceTest" time="0.003"/>
  <testcase name="createMaterial()" classname="com.rockbitegames.service.MaterialEntityServiceTest" time="0.001"/>
  <system-out><![CDATA[2024-04-21T16:36:45.536+04:00  INFO 176426 --- [Rockbitegames] [    Test worker] t.c.s.AnnotationConfigContextLoaderUtils : Could not detect default configuration classes for test class [com.rockbitegames.service.MaterialEntityServiceTest]: MaterialEntityServiceTest does not declare any static, non-private, non-final, nested classes annotated with @Configuration.
2024-04-21T16:36:45.542+04:00  INFO 176426 --- [Rockbitegames] [    Test worker] .b.t.c.SpringBootTestContextBootstrapper : Found @SpringBootConfiguration com.rockbitegames.RockbitegamesApplication for test class com.rockbitegames.service.MaterialEntityServiceTest
2024-04-21T16:36:45.548+04:00  INFO 176426 --- [Rockbitegames] [    Test worker] c.r.observer.PlayerNotificationSender    : ######################################################################################
2024-04-21T16:36:45.548+04:00  INFO 176426 --- [Rockbitegames] [    Test worker] c.r.observer.PlayerNotificationSender    : ---------------------PLAYER NOTIFICATION: SENDING....----------------------------------
2024-04-21T16:36:45.549+04:00  INFO 176426 --- [Rockbitegames] [    Test worker] c.r.observer.PlayerNotificationSender    : Event, Player 99fd74b6-772f-41d6-941a-5d74ad06a856 warehouse [d9534073-f442-4ea3-9be3-b391a1be8b33,43320994-0453-4c14-82ff-ab536939548e], material :  event=WAREHOUSE IS CREATED 
2024-04-21T16:36:45.549+04:00  INFO 176426 --- [Rockbitegames] [    Test worker] c.r.observer.PlayerNotificationSender    : ######################################################################################
2024-04-21T16:36:45.549+04:00  INFO 176426 --- [Rockbitegames] [    Test worker] c.rockbitegames.service.MaterialService  : Player 99fd74b6-772f-41d6-941a-5d74ad06a856, warehouse d9534073-f442-4ea3-9be3-b391a1be8b33, material IRON could take 100 points.
2024-04-21T16:36:45.549+04:00  INFO 176426 --- [Rockbitegames] [    Test worker] c.rockbitegames.service.MaterialService  : Player 99fd74b6-772f-41d6-941a-5d74ad06a856, warehouse d9534073-f442-4ea3-9be3-b391a1be8b33, material IRON capacity is 80 points.
2024-04-21T16:36:45.549+04:00  INFO 176426 --- [Rockbitegames] [    Test worker] c.r.o.WarehouseNotificationSender        : ######################################################################################
2024-04-21T16:36:45.549+04:00  INFO 176426 --- [Rockbitegames] [    Test worker] c.r.o.WarehouseNotificationSender        : ---------------------WAREHOUSE NOTIFICATION: SENDING....------------------------------
2024-04-21T16:36:45.549+04:00  INFO 176426 --- [Rockbitegames] [    Test worker] c.r.o.WarehouseNotificationSender        : Event, Player 99fd74b6-772f-41d6-941a-5d74ad06a856 warehouse fc38ca94-ac2a-4c8b-a853-018668ac0455, material IRON:  event=WAREHOUSE: MATERIAL ADDITION 
2024-04-21T16:36:45.549+04:00  INFO 176426 --- [Rockbitegames] [    Test worker] c.r.o.WarehouseNotificationSender        : ######################################################################################
2024-04-21T16:36:45.549+04:00  INFO 176426 --- [Rockbitegames] [    Test worker] c.rockbitegames.service.MaterialService  : Player 99fd74b6-772f-41d6-941a-5d74ad06a856, warehouse d9534073-f442-4ea3-9be3-b391a1be8b33, material IRON could take 20 points.
2024-04-21T16:36:45.550+04:00  INFO 176426 --- [Rockbitegames] [    Test worker] c.r.observer.MaterialNotificationSender  : ######################################################################################
2024-04-21T16:36:45.550+04:00  INFO 176426 --- [Rockbitegames] [    Test worker] c.r.observer.MaterialNotificationSender  : ---------------------MATERIAL NOTIFICATION: SENDING....-------------------------------
2024-04-21T16:36:45.550+04:00  INFO 176426 --- [Rockbitegames] [    Test worker] c.r.observer.MaterialNotificationSender  : Event, Player 99fd74b6-772f-41d6-941a-5d74ad06a856 warehouse d9534073-f442-4ea3-9be3-b391a1be8b33, material fc38ca94-ac2a-4c8b-a853-018668ac0455:  event=MATERIAL IS FULL 
2024-04-21T16:36:45.550+04:00  INFO 176426 --- [Rockbitegames] [    Test worker] c.r.observer.MaterialNotificationSender  : ######################################################################################
2024-04-21T16:36:45.550+04:00  INFO 176426 --- [Rockbitegames] [    Test worker] c.rockbitegames.service.MaterialService  : Player 99fd74b6-772f-41d6-941a-5d74ad06a856, warehouse 43320994-0453-4c14-82ff-ab536939548e, material IRON could take 100 points.
2024-04-21T16:36:45.550+04:00  INFO 176426 --- [Rockbitegames] [    Test worker] c.rockbitegames.service.MaterialService  : Player 99fd74b6-772f-41d6-941a-5d74ad06a856, warehouse 43320994-0453-4c14-82ff-ab536939548e, material IRON capacity is 50 points.
2024-04-21T16:36:45.550+04:00  INFO 176426 --- [Rockbitegames] [    Test worker] c.r.o.WarehouseNotificationSender        : ######################################################################################
2024-04-21T16:36:45.550+04:00  INFO 176426 --- [Rockbitegames] [    Test worker] c.r.o.WarehouseNotificationSender        : ---------------------WAREHOUSE NOTIFICATION: SENDING....------------------------------
2024-04-21T16:36:45.550+04:00  INFO 176426 --- [Rockbitegames] [    Test worker] c.r.o.WarehouseNotificationSender        : Event, Player 99fd74b6-772f-41d6-941a-5d74ad06a856 warehouse fc38ca94-ac2a-4c8b-a853-018668ac0456, material IRON:  event=WAREHOUSE: MATERIAL ADDITION 
2024-04-21T16:36:45.550+04:00  INFO 176426 --- [Rockbitegames] [    Test worker] c.r.o.WarehouseNotificationSender        : ######################################################################################
2024-04-21T16:36:45.551+04:00  INFO 176426 --- [Rockbitegames] [    Test worker] c.r.observer.MaterialNotificationSender  : ######################################################################################
2024-04-21T16:36:45.551+04:00  INFO 176426 --- [Rockbitegames] [    Test worker] c.r.observer.MaterialNotificationSender  : ---------------------MATERIAL NOTIFICATION: SENDING....-------------------------------
2024-04-21T16:36:45.551+04:00  INFO 176426 --- [Rockbitegames] [    Test worker] c.r.observer.MaterialNotificationSender  : Event, Player 99fd74b6-772f-41d6-941a-5d74ad06a856 warehouse d9534073-f442-4ea3-9be3-b391a1be8b33, material fc38ca94-ac2a-4c8b-a853-018668ac0455:  event=MATERIAL IS SUBTRACTED 
2024-04-21T16:36:45.551+04:00  INFO 176426 --- [Rockbitegames] [    Test worker] c.r.observer.MaterialNotificationSender  : ######################################################################################
2024-04-21T16:36:45.551+04:00  INFO 176426 --- [Rockbitegames] [    Test worker] c.rockbitegames.service.MaterialService  : Player 99fd74b6-772f-41d6-941a-5d74ad06a856, warehouse d9534073-f442-4ea3-9be3-b391a1be8b33, material IRON could take 50 points.
2024-04-21T16:36:45.551+04:00  INFO 176426 --- [Rockbitegames] [    Test worker] c.r.observer.MaterialNotificationSender  : ######################################################################################
2024-04-21T16:36:45.552+04:00  INFO 176426 --- [Rockbitegames] [    Test worker] c.r.observer.MaterialNotificationSender  : ---------------------MATERIAL NOTIFICATION: SENDING....-------------------------------
2024-04-21T16:36:45.552+04:00  INFO 176426 --- [Rockbitegames] [    Test worker] c.r.observer.MaterialNotificationSender  : Event, Player 99fd74b6-772f-41d6-941a-5d74ad06a856 warehouse d9534073-f442-4ea3-9be3-b391a1be8b33, material fc38ca94-ac2a-4c8b-a853-018668ac0455:  event=MATERIAL IS FULL 
2024-04-21T16:36:45.552+04:00  INFO 176426 --- [Rockbitegames] [    Test worker] c.r.observer.MaterialNotificationSender  : ######################################################################################
2024-04-21T16:36:45.556+04:00  INFO 176426 --- [Rockbitegames] [    Test worker] c.r.observer.PlayerNotificationSender    : ######################################################################################
2024-04-21T16:36:45.556+04:00  INFO 176426 --- [Rockbitegames] [    Test worker] c.r.observer.PlayerNotificationSender    : ---------------------PLAYER NOTIFICATION: SENDING....----------------------------------
2024-04-21T16:36:45.556+04:00  INFO 176426 --- [Rockbitegames] [    Test worker] c.r.observer.PlayerNotificationSender    : Event, Player 79fd74b6-772f-41d6-941a-5d74ad06a899 warehouse [3cae902b-0eb8-4ac2-817d-535233e7e8ee,4dedc3b4-9b6d-490d-b2b8-e9144554b049], material :  event=WAREHOUSE IS CREATED 
2024-04-21T16:36:45.556+04:00  INFO 176426 --- [Rockbitegames] [    Test worker] c.r.observer.PlayerNotificationSender    : ######################################################################################
2024-04-21T16:36:45.556+04:00  INFO 176426 --- [Rockbitegames] [    Test worker] c.rockbitegames.service.MaterialService  : Player 79fd74b6-772f-41d6-941a-5d74ad06a899, warehouse 3cae902b-0eb8-4ac2-817d-535233e7e8ee, material IRON could take 100 points.
2024-04-21T16:36:45.557+04:00  INFO 176426 --- [Rockbitegames] [    Test worker] c.rockbitegames.service.MaterialService  : Player 79fd74b6-772f-41d6-941a-5d74ad06a899, warehouse 3cae902b-0eb8-4ac2-817d-535233e7e8ee, material IRON capacity is 30 points.
2024-04-21T16:36:45.557+04:00  INFO 176426 --- [Rockbitegames] [    Test worker] c.r.o.WarehouseNotificationSender        : ######################################################################################
2024-04-21T16:36:45.557+04:00  INFO 176426 --- [Rockbitegames] [    Test worker] c.r.o.WarehouseNotificationSender        : ---------------------WAREHOUSE NOTIFICATION: SENDING....------------------------------
2024-04-21T16:36:45.557+04:00  INFO 176426 --- [Rockbitegames] [    Test worker] c.r.o.WarehouseNotificationSender        : Event, Player 79fd74b6-772f-41d6-941a-5d74ad06a899 warehouse fc38ca94-ac2a-4c8b-a853-018668ac0455, material IRON:  event=WAREHOUSE: MATERIAL ADDITION 
2024-04-21T16:36:45.557+04:00  INFO 176426 --- [Rockbitegames] [    Test worker] c.r.o.WarehouseNotificationSender        : ######################################################################################
2024-04-21T16:36:45.557+04:00  INFO 176426 --- [Rockbitegames] [    Test worker] c.r.observer.MaterialNotificationSender  : ######################################################################################
2024-04-21T16:36:45.557+04:00  INFO 176426 --- [Rockbitegames] [    Test worker] c.r.observer.MaterialNotificationSender  : ---------------------MATERIAL NOTIFICATION: SENDING....-------------------------------
2024-04-21T16:36:45.557+04:00  INFO 176426 --- [Rockbitegames] [    Test worker] c.r.observer.MaterialNotificationSender  : Event, Player 79fd74b6-772f-41d6-941a-5d74ad06a899 warehouse 3cae902b-0eb8-4ac2-817d-535233e7e8ee, material fc38ca94-ac2a-4c8b-a853-018668ac0455:  event=MATERIAL IS SUBTRACTED 
2024-04-21T16:36:45.557+04:00  INFO 176426 --- [Rockbitegames] [    Test worker] c.r.observer.MaterialNotificationSender  : ######################################################################################
2024-04-21T16:36:45.557+04:00  INFO 176426 --- [Rockbitegames] [    Test worker] c.r.o.WarehouseNotificationSender        : ######################################################################################
2024-04-21T16:36:45.557+04:00  INFO 176426 --- [Rockbitegames] [    Test worker] c.r.o.WarehouseNotificationSender        : ---------------------WAREHOUSE NOTIFICATION: SENDING....------------------------------
2024-04-21T16:36:45.557+04:00  INFO 176426 --- [Rockbitegames] [    Test worker] c.r.o.WarehouseNotificationSender        : Event, Player 79fd74b6-772f-41d6-941a-5d74ad06a899 warehouse fc38ca94-ac2a-4c8b-a853-018668ac0455, material IRON:  event=WAREHOUSE: MATERIAL ADDITION 
2024-04-21T16:36:45.557+04:00  INFO 176426 --- [Rockbitegames] [    Test worker] c.r.o.WarehouseNotificationSender        : ######################################################################################
2024-04-21T16:36:45.560+04:00  INFO 176426 --- [Rockbitegames] [    Test worker] c.r.observer.PlayerNotificationSender    : ######################################################################################
2024-04-21T16:36:45.560+04:00  INFO 176426 --- [Rockbitegames] [    Test worker] c.r.observer.PlayerNotificationSender    : ---------------------PLAYER NOTIFICATION: SENDING....----------------------------------
2024-04-21T16:36:45.560+04:00  INFO 176426 --- [Rockbitegames] [    Test worker] c.r.observer.PlayerNotificationSender    : Event, Player 79fd74b6-772f-41d6-941a-5d74ad06a855 warehouse [e796b016-174e-4cac-ab0a-8ad382986379,122fcfcf-c95f-41b3-b90f-845f24bd4fbd], material :  event=WAREHOUSE IS CREATED 
2024-04-21T16:36:45.561+04:00  INFO 176426 --- [Rockbitegames] [    Test worker] c.r.observer.PlayerNotificationSender    : ######################################################################################
2024-04-21T16:36:45.561+04:00  INFO 176426 --- [Rockbitegames] [    Test worker] c.rockbitegames.service.MaterialService  : Player 79fd74b6-772f-41d6-941a-5d74ad06a855, warehouse e796b016-174e-4cac-ab0a-8ad382986379, material IRON could take 100 points.
2024-04-21T16:36:45.561+04:00  INFO 176426 --- [Rockbitegames] [    Test worker] c.r.observer.MaterialNotificationSender  : ######################################################################################
2024-04-21T16:36:45.561+04:00  INFO 176426 --- [Rockbitegames] [    Test worker] c.r.observer.MaterialNotificationSender  : ---------------------MATERIAL NOTIFICATION: SENDING....-------------------------------
2024-04-21T16:36:45.561+04:00  INFO 176426 --- [Rockbitegames] [    Test worker] c.r.observer.MaterialNotificationSender  : Event, Player 79fd74b6-772f-41d6-941a-5d74ad06a855 warehouse e796b016-174e-4cac-ab0a-8ad382986379, material fc38ca94-ac2a-4c8b-a853-018668ac0455:  event=MATERIAL IS FULL 
2024-04-21T16:36:45.561+04:00  INFO 176426 --- [Rockbitegames] [    Test worker] c.r.observer.MaterialNotificationSender  : ######################################################################################
2024-04-21T16:36:45.561+04:00  INFO 176426 --- [Rockbitegames] [    Test worker] c.r.o.WarehouseNotificationSender        : ######################################################################################
2024-04-21T16:36:45.561+04:00  INFO 176426 --- [Rockbitegames] [    Test worker] c.r.o.WarehouseNotificationSender        : ---------------------WAREHOUSE NOTIFICATION: SENDING....------------------------------
2024-04-21T16:36:45.561+04:00  INFO 176426 --- [Rockbitegames] [    Test worker] c.r.o.WarehouseNotificationSender        : Event, Player 79fd74b6-772f-41d6-941a-5d74ad06a855 warehouse fc38ca94-ac2a-4c8b-a853-018668ac0455, material IRON:  event=WAREHOUSE: MATERIAL ADDITION 
2024-04-21T16:36:45.561+04:00  INFO 176426 --- [Rockbitegames] [    Test worker] c.r.o.WarehouseNotificationSender        : ######################################################################################
2024-04-21T16:36:45.561+04:00  INFO 176426 --- [Rockbitegames] [    Test worker] c.rockbitegames.service.MaterialService  : Player 79fd74b6-772f-41d6-941a-5d74ad06a855, warehouse e796b016-174e-4cac-ab0a-8ad382986379, material IRON could take 0 points.
2024-04-21T16:36:45.561+04:00  INFO 176426 --- [Rockbitegames] [    Test worker] c.r.observer.MaterialNotificationSender  : ######################################################################################
2024-04-21T16:36:45.561+04:00  INFO 176426 --- [Rockbitegames] [    Test worker] c.r.observer.MaterialNotificationSender  : ---------------------MATERIAL NOTIFICATION: SENDING....-------------------------------
2024-04-21T16:36:45.561+04:00  INFO 176426 --- [Rockbitegames] [    Test worker] c.r.observer.MaterialNotificationSender  : Event, Player 79fd74b6-772f-41d6-941a-5d74ad06a855 warehouse e796b016-174e-4cac-ab0a-8ad382986379, material fc38ca94-ac2a-4c8b-a853-018668ac0455:  event=MATERIAL IS FULL 
2024-04-21T16:36:45.561+04:00  INFO 176426 --- [Rockbitegames] [    Test worker] c.r.observer.MaterialNotificationSender  : ######################################################################################
2024-04-21T16:36:45.561+04:00  INFO 176426 --- [Rockbitegames] [    Test worker] c.rockbitegames.service.MaterialService  : Player 79fd74b6-772f-41d6-941a-5d74ad06a855, warehouse 122fcfcf-c95f-41b3-b90f-845f24bd4fbd, material IRON could take 100 points.
2024-04-21T16:36:45.562+04:00  INFO 176426 --- [Rockbitegames] [    Test worker] c.r.observer.MaterialNotificationSender  : ######################################################################################
2024-04-21T16:36:45.562+04:00  INFO 176426 --- [Rockbitegames] [    Test worker] c.r.observer.MaterialNotificationSender  : ---------------------MATERIAL NOTIFICATION: SENDING....-------------------------------
2024-04-21T16:36:45.562+04:00  INFO 176426 --- [Rockbitegames] [    Test worker] c.r.observer.MaterialNotificationSender  : Event, Player 79fd74b6-772f-41d6-941a-5d74ad06a855 warehouse 122fcfcf-c95f-41b3-b90f-845f24bd4fbd, material fc38ca94-ac2a-4c8b-a853-018668ac0456:  event=MATERIAL IS FULL 
2024-04-21T16:36:45.562+04:00  INFO 176426 --- [Rockbitegames] [    Test worker] c.r.observer.MaterialNotificationSender  : ######################################################################################
2024-04-21T16:36:45.562+04:00  INFO 176426 --- [Rockbitegames] [    Test worker] c.r.o.WarehouseNotificationSender        : ######################################################################################
2024-04-21T16:36:45.562+04:00  INFO 176426 --- [Rockbitegames] [    Test worker] c.r.o.WarehouseNotificationSender        : ---------------------WAREHOUSE NOTIFICATION: SENDING....------------------------------
2024-04-21T16:36:45.562+04:00  INFO 176426 --- [Rockbitegames] [    Test worker] c.r.o.WarehouseNotificationSender        : Event, Player 79fd74b6-772f-41d6-941a-5d74ad06a855 warehouse fc38ca94-ac2a-4c8b-a853-018668ac0456, material IRON:  event=WAREHOUSE: MATERIAL ADDITION 
2024-04-21T16:36:45.562+04:00  INFO 176426 --- [Rockbitegames] [    Test worker] c.r.o.WarehouseNotificationSender        : ######################################################################################
2024-04-21T16:36:45.563+04:00  INFO 176426 --- [Rockbitegames] [    Test worker] c.r.o.WarehouseNotificationSender        : ######################################################################################
2024-04-21T16:36:45.563+04:00  INFO 176426 --- [Rockbitegames] [    Test worker] c.r.o.WarehouseNotificationSender        : ---------------------WAREHOUSE NOTIFICATION: SENDING....------------------------------
2024-04-21T16:36:45.563+04:00  INFO 176426 --- [Rockbitegames] [    Test worker] c.r.o.WarehouseNotificationSender        : Event, Player 79fd74b6-772f-41d6-941a-5d74ad06a855 warehouse fc38ca94-ac2a-4c8b-a853-018668ac0456, material IRON:  event=WAREHOUSE: MATERIAL REMOVAL 
2024-04-21T16:36:45.563+04:00  INFO 176426 --- [Rockbitegames] [    Test worker] c.r.o.WarehouseNotificationSender        : ######################################################################################
2024-04-21T16:36:45.563+04:00  INFO 176426 --- [Rockbitegames] [    Test worker] c.rockbitegames.service.MaterialService  : Material 122fcfcf-c95f-41b3-b90f-845f24bd4fbd is removed from warehouse fc38ca94-ac2a-4c8b-a853-018668ac0456
2024-04-21T16:36:45.566+04:00  INFO 176426 --- [Rockbitegames] [    Test worker] c.r.observer.PlayerNotificationSender    : ######################################################################################
2024-04-21T16:36:45.566+04:00  INFO 176426 --- [Rockbitegames] [    Test worker] c.r.observer.PlayerNotificationSender    : ---------------------PLAYER NOTIFICATION: SENDING....----------------------------------
2024-04-21T16:36:45.566+04:00  INFO 176426 --- [Rockbitegames] [    Test worker] c.r.observer.PlayerNotificationSender    : Event, Player 79fd74b6-772f-41d6-941a-5d74ad06a854 warehouse [2bfaa726-9d17-4724-bc1c-0eddc70617db,48e281fc-ca19-4d27-ab70-0a07821445d1], material :  event=WAREHOUSE IS CREATED 
2024-04-21T16:36:45.566+04:00  INFO 176426 --- [Rockbitegames] [    Test worker] c.r.observer.PlayerNotificationSender    : ######################################################################################
2024-04-21T16:36:45.566+04:00  INFO 176426 --- [Rockbitegames] [    Test worker] c.rockbitegames.service.MaterialService  : Player 79fd74b6-772f-41d6-941a-5d74ad06a854, warehouse 2bfaa726-9d17-4724-bc1c-0eddc70617db, material IRON could take 100 points.
2024-04-21T16:36:45.566+04:00  INFO 176426 --- [Rockbitegames] [    Test worker] c.rockbitegames.service.MaterialService  : Player 79fd74b6-772f-41d6-941a-5d74ad06a854, warehouse 2bfaa726-9d17-4724-bc1c-0eddc70617db, material IRON capacity is 30 points.
2024-04-21T16:36:45.566+04:00  INFO 176426 --- [Rockbitegames] [    Test worker] c.r.o.WarehouseNotificationSender        : ######################################################################################
2024-04-21T16:36:45.566+04:00  INFO 176426 --- [Rockbitegames] [    Test worker] c.r.o.WarehouseNotificationSender        : ---------------------WAREHOUSE NOTIFICATION: SENDING....------------------------------
2024-04-21T16:36:45.566+04:00  INFO 176426 --- [Rockbitegames] [    Test worker] c.r.o.WarehouseNotificationSender        : Event, Player 79fd74b6-772f-41d6-941a-5d74ad06a854 warehouse fc38ca94-ac2a-4c8b-a853-018668ac0455, material IRON:  event=WAREHOUSE: MATERIAL ADDITION 
2024-04-21T16:36:45.567+04:00  INFO 176426 --- [Rockbitegames] [    Test worker] c.r.o.WarehouseNotificationSender        : ######################################################################################
2024-04-21T16:36:45.567+04:00  INFO 176426 --- [Rockbitegames] [    Test worker] c.rockbitegames.service.MaterialService  : Player 79fd74b6-772f-41d6-941a-5d74ad06a854, warehouse 2bfaa726-9d17-4724-bc1c-0eddc70617db, material IRON could take 70 points.
2024-04-21T16:36:45.567+04:00  INFO 176426 --- [Rockbitegames] [    Test worker] c.rockbitegames.service.MaterialService  : Player 79fd74b6-772f-41d6-941a-5d74ad06a854, warehouse 2bfaa726-9d17-4724-bc1c-0eddc70617db, material IRON capacity is 80 points.
2024-04-21T16:36:45.567+04:00  INFO 176426 --- [Rockbitegames] [    Test worker] c.rockbitegames.service.MaterialService  : Player 79fd74b6-772f-41d6-941a-5d74ad06a854, warehouse 2bfaa726-9d17-4724-bc1c-0eddc70617db, material IRON could take 20 points.
2024-04-21T16:36:45.567+04:00  INFO 176426 --- [Rockbitegames] [    Test worker] c.r.observer.MaterialNotificationSender  : ######################################################################################
2024-04-21T16:36:45.567+04:00  INFO 176426 --- [Rockbitegames] [    Test worker] c.r.observer.MaterialNotificationSender  : ---------------------MATERIAL NOTIFICATION: SENDING....-------------------------------
2024-04-21T16:36:45.567+04:00  INFO 176426 --- [Rockbitegames] [    Test worker] c.r.observer.MaterialNotificationSender  : Event, Player 79fd74b6-772f-41d6-941a-5d74ad06a854 warehouse 2bfaa726-9d17-4724-bc1c-0eddc70617db, material fc38ca94-ac2a-4c8b-a853-018668ac0455:  event=MATERIAL IS FULL 
2024-04-21T16:36:45.567+04:00  INFO 176426 --- [Rockbitegames] [    Test worker] c.r.observer.MaterialNotificationSender  : ######################################################################################
2024-04-21T16:36:45.567+04:00  INFO 176426 --- [Rockbitegames] [    Test worker] c.rockbitegames.service.MaterialService  : Player 79fd74b6-772f-41d6-941a-5d74ad06a854, warehouse 48e281fc-ca19-4d27-ab70-0a07821445d1, material IRON could take 100 points.
2024-04-21T16:36:45.567+04:00  INFO 176426 --- [Rockbitegames] [    Test worker] c.rockbitegames.service.MaterialService  : Player 79fd74b6-772f-41d6-941a-5d74ad06a854, warehouse 48e281fc-ca19-4d27-ab70-0a07821445d1, material IRON capacity is 10 points.
2024-04-21T16:36:45.567+04:00  INFO 176426 --- [Rockbitegames] [    Test worker] c.r.o.WarehouseNotificationSender        : ######################################################################################
2024-04-21T16:36:45.567+04:00  INFO 176426 --- [Rockbitegames] [    Test worker] c.r.o.WarehouseNotificationSender        : ---------------------WAREHOUSE NOTIFICATION: SENDING....------------------------------
2024-04-21T16:36:45.567+04:00  INFO 176426 --- [Rockbitegames] [    Test worker] c.r.o.WarehouseNotificationSender        : Event, Player 79fd74b6-772f-41d6-941a-5d74ad06a854 warehouse fc38ca94-ac2a-4c8b-a853-018668ac0455, material IRON:  event=WAREHOUSE: MATERIAL ADDITION 
2024-04-21T16:36:45.567+04:00  INFO 176426 --- [Rockbitegames] [    Test worker] c.r.o.WarehouseNotificationSender        : ######################################################################################
2024-04-21T16:36:45.567+04:00  INFO 176426 --- [Rockbitegames] [    Test worker] c.rockbitegames.service.MaterialService  : Player 79fd74b6-772f-41d6-941a-5d74ad06a854, warehouse 2bfaa726-9d17-4724-bc1c-0eddc70617db, material IRON could take 0 points.
2024-04-21T16:36:45.567+04:00  INFO 176426 --- [Rockbitegames] [    Test worker] c.r.observer.MaterialNotificationSender  : ######################################################################################
2024-04-21T16:36:45.567+04:00  INFO 176426 --- [Rockbitegames] [    Test worker] c.r.observer.MaterialNotificationSender  : ---------------------MATERIAL NOTIFICATION: SENDING....-------------------------------
2024-04-21T16:36:45.567+04:00  INFO 176426 --- [Rockbitegames] [    Test worker] c.r.observer.MaterialNotificationSender  : Event, Player 79fd74b6-772f-41d6-941a-5d74ad06a854 warehouse 2bfaa726-9d17-4724-bc1c-0eddc70617db, material fc38ca94-ac2a-4c8b-a853-018668ac0455:  event=MATERIAL IS FULL 
2024-04-21T16:36:45.567+04:00  INFO 176426 --- [Rockbitegames] [    Test worker] c.r.observer.MaterialNotificationSender  : ######################################################################################
2024-04-21T16:36:45.568+04:00  INFO 176426 --- [Rockbitegames] [    Test worker] c.rockbitegames.service.MaterialService  : Player 79fd74b6-772f-41d6-941a-5d74ad06a854, warehouse 48e281fc-ca19-4d27-ab70-0a07821445d1, material IRON could take 90 points.
2024-04-21T16:36:45.568+04:00  INFO 176426 --- [Rockbitegames] [    Test worker] c.r.observer.MaterialNotificationSender  : ######################################################################################
2024-04-21T16:36:45.568+04:00  INFO 176426 --- [Rockbitegames] [    Test worker] c.r.observer.MaterialNotificationSender  : ---------------------MATERIAL NOTIFICATION: SENDING....-------------------------------
2024-04-21T16:36:45.568+04:00  INFO 176426 --- [Rockbitegames] [    Test worker] c.r.observer.MaterialNotificationSender  : Event, Player 79fd74b6-772f-41d6-941a-5d74ad06a854 warehouse 48e281fc-ca19-4d27-ab70-0a07821445d1, material fc38ca94-ac2a-4c8b-a853-018668ac0455:  event=MATERIAL IS FULL 
2024-04-21T16:36:45.568+04:00  INFO 176426 --- [Rockbitegames] [    Test worker] c.r.observer.MaterialNotificationSender  : ######################################################################################
2024-04-21T16:36:45.568+04:00  WARN 176426 --- [Rockbitegames] [    Test worker] c.rockbitegames.service.MaterialService  : Player 79fd74b6-772f-41d6-941a-5d74ad06a854 does not have enough warehouse to store materials. lost points 10 .
2024-04-21T16:36:45.568+04:00  INFO 176426 --- [Rockbitegames] [    Test worker] c.rockbitegames.service.MaterialService  : Player 79fd74b6-772f-41d6-941a-5d74ad06a854, warehouse 2bfaa726-9d17-4724-bc1c-0eddc70617db, material BOLT could take 100 points.
2024-04-21T16:36:45.568+04:00  INFO 176426 --- [Rockbitegames] [    Test worker] c.rockbitegames.service.MaterialService  : Player 79fd74b6-772f-41d6-941a-5d74ad06a854, warehouse 2bfaa726-9d17-4724-bc1c-0eddc70617db, material BOLT capacity is 80 points.
2024-04-21T16:36:45.568+04:00  INFO 176426 --- [Rockbitegames] [    Test worker] c.r.o.WarehouseNotificationSender        : ######################################################################################
2024-04-21T16:36:45.568+04:00  INFO 176426 --- [Rockbitegames] [    Test worker] c.r.o.WarehouseNotificationSender        : ---------------------WAREHOUSE NOTIFICATION: SENDING....------------------------------
2024-04-21T16:36:45.568+04:00  INFO 176426 --- [Rockbitegames] [    Test worker] c.r.o.WarehouseNotificationSender        : Event, Player 79fd74b6-772f-41d6-941a-5d74ad06a854 warehouse fc38ca94-ac2a-4c8b-a853-018668ac0455, material BOLT:  event=WAREHOUSE: MATERIAL ADDITION 
2024-04-21T16:36:45.568+04:00  INFO 176426 --- [Rockbitegames] [    Test worker] c.r.o.WarehouseNotificationSender        : ######################################################################################
2024-04-21T16:36:45.569+04:00  INFO 176426 --- [Rockbitegames] [    Test worker] c.rockbitegames.service.MaterialService  : Player 79fd74b6-772f-41d6-941a-5d74ad06a854, warehouse 2bfaa726-9d17-4724-bc1c-0eddc70617db, material BOLT could take 20 points.
2024-04-21T16:36:45.569+04:00  INFO 176426 --- [Rockbitegames] [    Test worker] c.r.observer.MaterialNotificationSender  : ######################################################################################
2024-04-21T16:36:45.569+04:00  INFO 176426 --- [Rockbitegames] [    Test worker] c.r.observer.MaterialNotificationSender  : ---------------------MATERIAL NOTIFICATION: SENDING....-------------------------------
2024-04-21T16:36:45.569+04:00  INFO 176426 --- [Rockbitegames] [    Test worker] c.r.observer.MaterialNotificationSender  : Event, Player 79fd74b6-772f-41d6-941a-5d74ad06a854 warehouse 2bfaa726-9d17-4724-bc1c-0eddc70617db, material fc38ca94-ac2a-4c8b-a853-018668ac0455:  event=MATERIAL IS FULL 
2024-04-21T16:36:45.569+04:00  INFO 176426 --- [Rockbitegames] [    Test worker] c.r.observer.MaterialNotificationSender  : ######################################################################################
2024-04-21T16:36:45.569+04:00  INFO 176426 --- [Rockbitegames] [    Test worker] c.rockbitegames.service.MaterialService  : Player 79fd74b6-772f-41d6-941a-5d74ad06a854, warehouse 48e281fc-ca19-4d27-ab70-0a07821445d1, material BOLT could take 100 points.
2024-04-21T16:36:45.569+04:00  INFO 176426 --- [Rockbitegames] [    Test worker] c.rockbitegames.service.MaterialService  : Player 79fd74b6-772f-41d6-941a-5d74ad06a854, warehouse 48e281fc-ca19-4d27-ab70-0a07821445d1, material BOLT capacity is 30 points.
2024-04-21T16:36:45.569+04:00  INFO 176426 --- [Rockbitegames] [    Test worker] c.r.o.WarehouseNotificationSender        : ######################################################################################
2024-04-21T16:36:45.569+04:00  INFO 176426 --- [Rockbitegames] [    Test worker] c.r.o.WarehouseNotificationSender        : ---------------------WAREHOUSE NOTIFICATION: SENDING....------------------------------
2024-04-21T16:36:45.569+04:00  INFO 176426 --- [Rockbitegames] [    Test worker] c.r.o.WarehouseNotificationSender        : Event, Player 79fd74b6-772f-41d6-941a-5d74ad06a854 warehouse fc38ca94-ac2a-4c8b-a853-018668ac0455, material BOLT:  event=WAREHOUSE: MATERIAL ADDITION 
2024-04-21T16:36:45.569+04:00  INFO 176426 --- [Rockbitegames] [    Test worker] c.r.o.WarehouseNotificationSender        : ######################################################################################
2024-04-21T16:36:45.569+04:00  INFO 176426 --- [Rockbitegames] [    Test worker] c.rockbitegames.service.MaterialService  : Player 79fd74b6-772f-41d6-941a-5d74ad06a854, warehouse 2bfaa726-9d17-4724-bc1c-0eddc70617db, material BOLT could take 0 points.
2024-04-21T16:36:45.569+04:00  INFO 176426 --- [Rockbitegames] [    Test worker] c.r.observer.MaterialNotificationSender  : ######################################################################################
2024-04-21T16:36:45.569+04:00  INFO 176426 --- [Rockbitegames] [    Test worker] c.r.observer.MaterialNotificationSender  : ---------------------MATERIAL NOTIFICATION: SENDING....-------------------------------
2024-04-21T16:36:45.569+04:00  INFO 176426 --- [Rockbitegames] [    Test worker] c.r.observer.MaterialNotificationSender  : Event, Player 79fd74b6-772f-41d6-941a-5d74ad06a854 warehouse 2bfaa726-9d17-4724-bc1c-0eddc70617db, material fc38ca94-ac2a-4c8b-a853-018668ac0455:  event=MATERIAL IS FULL 
2024-04-21T16:36:45.569+04:00  INFO 176426 --- [Rockbitegames] [    Test worker] c.r.observer.MaterialNotificationSender  : ######################################################################################
2024-04-21T16:36:45.569+04:00  INFO 176426 --- [Rockbitegames] [    Test worker] c.rockbitegames.service.MaterialService  : Player 79fd74b6-772f-41d6-941a-5d74ad06a854, warehouse 48e281fc-ca19-4d27-ab70-0a07821445d1, material BOLT could take 70 points.
2024-04-21T16:36:45.569+04:00  INFO 176426 --- [Rockbitegames] [    Test worker] c.rockbitegames.service.MaterialService  : Player 79fd74b6-772f-41d6-941a-5d74ad06a854, warehouse 48e281fc-ca19-4d27-ab70-0a07821445d1, material BOLT capacity is 60 points.
2024-04-21T16:36:45.569+04:00  INFO 176426 --- [Rockbitegames] [    Test worker] c.rockbitegames.service.MaterialService  : Player 79fd74b6-772f-41d6-941a-5d74ad06a854, warehouse 2bfaa726-9d17-4724-bc1c-0eddc70617db, material BOLT could take 0 points.
2024-04-21T16:36:45.569+04:00  INFO 176426 --- [Rockbitegames] [    Test worker] c.r.observer.MaterialNotificationSender  : ######################################################################################
2024-04-21T16:36:45.569+04:00  INFO 176426 --- [Rockbitegames] [    Test worker] c.r.observer.MaterialNotificationSender  : ---------------------MATERIAL NOTIFICATION: SENDING....-------------------------------
2024-04-21T16:36:45.570+04:00  INFO 176426 --- [Rockbitegames] [    Test worker] c.r.observer.MaterialNotificationSender  : Event, Player 79fd74b6-772f-41d6-941a-5d74ad06a854 warehouse 2bfaa726-9d17-4724-bc1c-0eddc70617db, material fc38ca94-ac2a-4c8b-a853-018668ac0455:  event=MATERIAL IS FULL 
2024-04-21T16:36:45.570+04:00  INFO 176426 --- [Rockbitegames] [    Test worker] c.r.observer.MaterialNotificationSender  : ######################################################################################
2024-04-21T16:36:45.570+04:00  INFO 176426 --- [Rockbitegames] [    Test worker] c.rockbitegames.service.MaterialService  : Player 79fd74b6-772f-41d6-941a-5d74ad06a854, warehouse 48e281fc-ca19-4d27-ab70-0a07821445d1, material BOLT could take 40 points.
2024-04-21T16:36:45.570+04:00  INFO 176426 --- [Rockbitegames] [    Test worker] c.r.observer.MaterialNotificationSender  : ######################################################################################
2024-04-21T16:36:45.570+04:00  INFO 176426 --- [Rockbitegames] [    Test worker] c.r.observer.MaterialNotificationSender  : ---------------------MATERIAL NOTIFICATION: SENDING....-------------------------------
2024-04-21T16:36:45.570+04:00  INFO 176426 --- [Rockbitegames] [    Test worker] c.r.observer.MaterialNotificationSender  : Event, Player 79fd74b6-772f-41d6-941a-5d74ad06a854 warehouse 48e281fc-ca19-4d27-ab70-0a07821445d1, material fc38ca94-ac2a-4c8b-a853-018668ac0455:  event=MATERIAL IS FULL 
2024-04-21T16:36:45.570+04:00  INFO 176426 --- [Rockbitegames] [    Test worker] c.r.observer.MaterialNotificationSender  : ######################################################################################
2024-04-21T16:36:45.570+04:00  WARN 176426 --- [Rockbitegames] [    Test worker] c.rockbitegames.service.MaterialService  : Player 79fd74b6-772f-41d6-941a-5d74ad06a854 does not have enough warehouse to store materials. lost points 60 .
2024-04-21T16:36:45.572+04:00  INFO 176426 --- [Rockbitegames] [    Test worker] c.r.observer.PlayerNotificationSender    : ######################################################################################
2024-04-21T16:36:45.572+04:00  INFO 176426 --- [Rockbitegames] [    Test worker] c.r.observer.PlayerNotificationSender    : ---------------------PLAYER NOTIFICATION: SENDING....----------------------------------
2024-04-21T16:36:45.572+04:00  INFO 176426 --- [Rockbitegames] [    Test worker] c.r.observer.PlayerNotificationSender    : Event, Player 89fd74b6-772f-41d6-941a-5d74ad06a856 warehouse [50175587-0f08-44da-a555-3305a60c0ce7,2d76a5f0-729c-4c4c-b5a7-b7d24f4cefc0,4e457486-f22e-4fd8-aca5-c394df1b8a3e], material :  event=WAREHOUSE IS CREATED 
2024-04-21T16:36:45.572+04:00  INFO 176426 --- [Rockbitegames] [    Test worker] c.r.observer.PlayerNotificationSender    : ######################################################################################
2024-04-21T16:36:45.573+04:00  INFO 176426 --- [Rockbitegames] [    Test worker] c.rockbitegames.service.MaterialService  : Player 89fd74b6-772f-41d6-941a-5d74ad06a856, warehouse 50175587-0f08-44da-a555-3305a60c0ce7, material BOLT could take 100 points.
2024-04-21T16:36:45.573+04:00  INFO 176426 --- [Rockbitegames] [    Test worker] c.rockbitegames.service.MaterialService  : Player 89fd74b6-772f-41d6-941a-5d74ad06a856, warehouse 50175587-0f08-44da-a555-3305a60c0ce7, material BOLT capacity is 80 points.
2024-04-21T16:36:45.573+04:00  INFO 176426 --- [Rockbitegames] [    Test worker] c.r.o.WarehouseNotificationSender        : ######################################################################################
2024-04-21T16:36:45.573+04:00  INFO 176426 --- [Rockbitegames] [    Test worker] c.r.o.WarehouseNotificationSender        : ---------------------WAREHOUSE NOTIFICATION: SENDING....------------------------------
2024-04-21T16:36:45.573+04:00  INFO 176426 --- [Rockbitegames] [    Test worker] c.r.o.WarehouseNotificationSender        : Event, Player 89fd74b6-772f-41d6-941a-5d74ad06a856 warehouse 5c38ca94-ac2a-4c8b-a853-018668ac0456, material BOLT:  event=WAREHOUSE: MATERIAL ADDITION 
2024-04-21T16:36:45.573+04:00  INFO 176426 --- [Rockbitegames] [    Test worker] c.r.o.WarehouseNotificationSender        : ######################################################################################
2024-04-21T16:36:45.573+04:00  INFO 176426 --- [Rockbitegames] [    Test worker] c.rockbitegames.service.MaterialService  : Player 89fd74b6-772f-41d6-941a-5d74ad06a856, warehouse 50175587-0f08-44da-a555-3305a60c0ce7, material BOLT could take 20 points.
2024-04-21T16:36:45.573+04:00  INFO 176426 --- [Rockbitegames] [    Test worker] c.r.observer.MaterialNotificationSender  : ######################################################################################
2024-04-21T16:36:45.573+04:00  INFO 176426 --- [Rockbitegames] [    Test worker] c.r.observer.MaterialNotificationSender  : ---------------------MATERIAL NOTIFICATION: SENDING....-------------------------------
2024-04-21T16:36:45.573+04:00  INFO 176426 --- [Rockbitegames] [    Test worker] c.r.observer.MaterialNotificationSender  : Event, Player 89fd74b6-772f-41d6-941a-5d74ad06a856 warehouse 50175587-0f08-44da-a555-3305a60c0ce7, material 5c38ca94-ac2a-4c8b-a853-018668ac0456:  event=MATERIAL IS FULL 
2024-04-21T16:36:45.573+04:00  INFO 176426 --- [Rockbitegames] [    Test worker] c.r.observer.MaterialNotificationSender  : ######################################################################################
2024-04-21T16:36:45.573+04:00  INFO 176426 --- [Rockbitegames] [    Test worker] c.rockbitegames.service.MaterialService  : Player 89fd74b6-772f-41d6-941a-5d74ad06a856, warehouse 2d76a5f0-729c-4c4c-b5a7-b7d24f4cefc0, material BOLT could take 100 points.
2024-04-21T16:36:45.573+04:00  INFO 176426 --- [Rockbitegames] [    Test worker] c.rockbitegames.service.MaterialService  : Player 89fd74b6-772f-41d6-941a-5d74ad06a856, warehouse 2d76a5f0-729c-4c4c-b5a7-b7d24f4cefc0, material BOLT capacity is 50 points.
2024-04-21T16:36:45.573+04:00  INFO 176426 --- [Rockbitegames] [    Test worker] c.r.o.WarehouseNotificationSender        : ######################################################################################
2024-04-21T16:36:45.573+04:00  INFO 176426 --- [Rockbitegames] [    Test worker] c.r.o.WarehouseNotificationSender        : ---------------------WAREHOUSE NOTIFICATION: SENDING....------------------------------
2024-04-21T16:36:45.573+04:00  INFO 176426 --- [Rockbitegames] [    Test worker] c.r.o.WarehouseNotificationSender        : Event, Player 89fd74b6-772f-41d6-941a-5d74ad06a856 warehouse 6c38ca94-ac2a-4c8b-a853-018668ac0456, material BOLT:  event=WAREHOUSE: MATERIAL ADDITION 
2024-04-21T16:36:45.573+04:00  INFO 176426 --- [Rockbitegames] [    Test worker] c.r.o.WarehouseNotificationSender        : ######################################################################################
2024-04-21T16:36:45.573+04:00  INFO 176426 --- [Rockbitegames] [    Test worker] c.rockbitegames.service.MaterialService  : Player 89fd74b6-772f-41d6-941a-5d74ad06a856, warehouse 50175587-0f08-44da-a555-3305a60c0ce7, material BOLT could take 0 points.
2024-04-21T16:36:45.573+04:00  INFO 176426 --- [Rockbitegames] [    Test worker] c.r.observer.MaterialNotificationSender  : ######################################################################################
2024-04-21T16:36:45.573+04:00  INFO 176426 --- [Rockbitegames] [    Test worker] c.r.observer.MaterialNotificationSender  : ---------------------MATERIAL NOTIFICATION: SENDING....-------------------------------
2024-04-21T16:36:45.573+04:00  INFO 176426 --- [Rockbitegames] [    Test worker] c.r.observer.MaterialNotificationSender  : Event, Player 89fd74b6-772f-41d6-941a-5d74ad06a856 warehouse 50175587-0f08-44da-a555-3305a60c0ce7, material 5c38ca94-ac2a-4c8b-a853-018668ac0456:  event=MATERIAL IS FULL 
2024-04-21T16:36:45.573+04:00  INFO 176426 --- [Rockbitegames] [    Test worker] c.r.observer.MaterialNotificationSender  : ######################################################################################
2024-04-21T16:36:45.573+04:00  INFO 176426 --- [Rockbitegames] [    Test worker] c.rockbitegames.service.MaterialService  : Player 89fd74b6-772f-41d6-941a-5d74ad06a856, warehouse 2d76a5f0-729c-4c4c-b5a7-b7d24f4cefc0, material BOLT could take 50 points.
2024-04-21T16:36:45.573+04:00  INFO 176426 --- [Rockbitegames] [    Test worker] c.r.observer.MaterialNotificationSender  : ######################################################################################
2024-04-21T16:36:45.573+04:00  INFO 176426 --- [Rockbitegames] [    Test worker] c.r.observer.MaterialNotificationSender  : ---------------------MATERIAL NOTIFICATION: SENDING....-------------------------------
2024-04-21T16:36:45.574+04:00  INFO 176426 --- [Rockbitegames] [    Test worker] c.r.observer.MaterialNotificationSender  : Event, Player 89fd74b6-772f-41d6-941a-5d74ad06a856 warehouse 2d76a5f0-729c-4c4c-b5a7-b7d24f4cefc0, material 6c38ca94-ac2a-4c8b-a853-018668ac0456:  event=MATERIAL IS FULL 
2024-04-21T16:36:45.574+04:00  INFO 176426 --- [Rockbitegames] [    Test worker] c.r.observer.MaterialNotificationSender  : ######################################################################################
2024-04-21T16:36:45.574+04:00  INFO 176426 --- [Rockbitegames] [    Test worker] c.rockbitegames.service.MaterialService  : Player 89fd74b6-772f-41d6-941a-5d74ad06a856, warehouse 4e457486-f22e-4fd8-aca5-c394df1b8a3e, material BOLT could take 100 points.
2024-04-21T16:36:45.574+04:00  INFO 176426 --- [Rockbitegames] [    Test worker] c.rockbitegames.service.MaterialService  : Player 89fd74b6-772f-41d6-941a-5d74ad06a856, warehouse 4e457486-f22e-4fd8-aca5-c394df1b8a3e, material BOLT capacity is 20 points.
2024-04-21T16:36:45.574+04:00  INFO 176426 --- [Rockbitegames] [    Test worker] c.r.o.WarehouseNotificationSender        : ######################################################################################
2024-04-21T16:36:45.574+04:00  INFO 176426 --- [Rockbitegames] [    Test worker] c.r.o.WarehouseNotificationSender        : ---------------------WAREHOUSE NOTIFICATION: SENDING....------------------------------
2024-04-21T16:36:45.574+04:00  INFO 176426 --- [Rockbitegames] [    Test worker] c.r.o.WarehouseNotificationSender        : Event, Player 89fd74b6-772f-41d6-941a-5d74ad06a856 warehouse 7c38ca94-ac2a-4c8b-a853-018668ac0456, material BOLT:  event=WAREHOUSE: MATERIAL ADDITION 
2024-04-21T16:36:45.574+04:00  INFO 176426 --- [Rockbitegames] [    Test worker] c.r.o.WarehouseNotificationSender        : ######################################################################################
2024-04-21T16:36:45.574+04:00  INFO 176426 --- [Rockbitegames] [    Test worker] c.rockbitegames.service.MaterialService  : Player 89fd74b6-772f-41d6-941a-5d74ad06a856, warehouse 50175587-0f08-44da-a555-3305a60c0ce7, material IRON could take 100 points.
2024-04-21T16:36:45.574+04:00  INFO 176426 --- [Rockbitegames] [    Test worker] c.r.observer.MaterialNotificationSender  : ######################################################################################
2024-04-21T16:36:45.574+04:00  INFO 176426 --- [Rockbitegames] [    Test worker] c.r.observer.MaterialNotificationSender  : ---------------------MATERIAL NOTIFICATION: SENDING....-------------------------------
2024-04-21T16:36:45.574+04:00  INFO 176426 --- [Rockbitegames] [    Test worker] c.r.observer.MaterialNotificationSender  : Event, Player 89fd74b6-772f-41d6-941a-5d74ad06a856 warehouse 50175587-0f08-44da-a555-3305a60c0ce7, material fc38ca94-ac2a-4c8b-a853-018668ac0455:  event=MATERIAL IS FULL 
2024-04-21T16:36:45.574+04:00  INFO 176426 --- [Rockbitegames] [    Test worker] c.r.observer.MaterialNotificationSender  : ######################################################################################
2024-04-21T16:36:45.574+04:00  INFO 176426 --- [Rockbitegames] [    Test worker] c.r.o.WarehouseNotificationSender        : ######################################################################################
2024-04-21T16:36:45.574+04:00  INFO 176426 --- [Rockbitegames] [    Test worker] c.r.o.WarehouseNotificationSender        : ---------------------WAREHOUSE NOTIFICATION: SENDING....------------------------------
2024-04-21T16:36:45.574+04:00  INFO 176426 --- [Rockbitegames] [    Test worker] c.r.o.WarehouseNotificationSender        : Event, Player 89fd74b6-772f-41d6-941a-5d74ad06a856 warehouse fc38ca94-ac2a-4c8b-a853-018668ac0455, material IRON:  event=WAREHOUSE: MATERIAL ADDITION 
2024-04-21T16:36:45.574+04:00  INFO 176426 --- [Rockbitegames] [    Test worker] c.r.o.WarehouseNotificationSender        : ######################################################################################
2024-04-21T16:36:45.574+04:00  INFO 176426 --- [Rockbitegames] [    Test worker] c.rockbitegames.service.MaterialService  : Player 89fd74b6-772f-41d6-941a-5d74ad06a856, warehouse 50175587-0f08-44da-a555-3305a60c0ce7, material IRON could take 0 points.
2024-04-21T16:36:45.574+04:00  INFO 176426 --- [Rockbitegames] [    Test worker] c.r.observer.MaterialNotificationSender  : ######################################################################################
2024-04-21T16:36:45.574+04:00  INFO 176426 --- [Rockbitegames] [    Test worker] c.r.observer.MaterialNotificationSender  : ---------------------MATERIAL NOTIFICATION: SENDING....-------------------------------
2024-04-21T16:36:45.574+04:00  INFO 176426 --- [Rockbitegames] [    Test worker] c.r.observer.MaterialNotificationSender  : Event, Player 89fd74b6-772f-41d6-941a-5d74ad06a856 warehouse 50175587-0f08-44da-a555-3305a60c0ce7, material fc38ca94-ac2a-4c8b-a853-018668ac0455:  event=MATERIAL IS FULL 
2024-04-21T16:36:45.574+04:00  INFO 176426 --- [Rockbitegames] [    Test worker] c.r.observer.MaterialNotificationSender  : ######################################################################################
2024-04-21T16:36:45.574+04:00  INFO 176426 --- [Rockbitegames] [    Test worker] c.rockbitegames.service.MaterialService  : Player 89fd74b6-772f-41d6-941a-5d74ad06a856, warehouse 2d76a5f0-729c-4c4c-b5a7-b7d24f4cefc0, material IRON could take 100 points.
2024-04-21T16:36:45.574+04:00  INFO 176426 --- [Rockbitegames] [    Test worker] c.r.observer.MaterialNotificationSender  : ######################################################################################
2024-04-21T16:36:45.574+04:00  INFO 176426 --- [Rockbitegames] [    Test worker] c.r.observer.MaterialNotificationSender  : ---------------------MATERIAL NOTIFICATION: SENDING....-------------------------------
2024-04-21T16:36:45.574+04:00  INFO 176426 --- [Rockbitegames] [    Test worker] c.r.observer.MaterialNotificationSender  : Event, Player 89fd74b6-772f-41d6-941a-5d74ad06a856 warehouse 2d76a5f0-729c-4c4c-b5a7-b7d24f4cefc0, material fc38ca94-ac2a-4c8b-a853-018668ac0455:  event=MATERIAL IS FULL 
2024-04-21T16:36:45.574+04:00  INFO 176426 --- [Rockbitegames] [    Test worker] c.r.observer.MaterialNotificationSender  : ######################################################################################
2024-04-21T16:36:45.574+04:00  INFO 176426 --- [Rockbitegames] [    Test worker] c.r.o.WarehouseNotificationSender        : ######################################################################################
2024-04-21T16:36:45.574+04:00  INFO 176426 --- [Rockbitegames] [    Test worker] c.r.o.WarehouseNotificationSender        : ---------------------WAREHOUSE NOTIFICATION: SENDING....------------------------------
2024-04-21T16:36:45.575+04:00  INFO 176426 --- [Rockbitegames] [    Test worker] c.r.o.WarehouseNotificationSender        : Event, Player 89fd74b6-772f-41d6-941a-5d74ad06a856 warehouse fc38ca94-ac2a-4c8b-a853-018668ac0455, material IRON:  event=WAREHOUSE: MATERIAL ADDITION 
2024-04-21T16:36:45.575+04:00  INFO 176426 --- [Rockbitegames] [    Test worker] c.r.o.WarehouseNotificationSender        : ######################################################################################
2024-04-21T16:36:45.575+04:00  INFO 176426 --- [Rockbitegames] [    Test worker] c.rockbitegames.service.MaterialService  : Player 89fd74b6-772f-41d6-941a-5d74ad06a856, warehouse 50175587-0f08-44da-a555-3305a60c0ce7, material IRON could take 0 points.
2024-04-21T16:36:45.575+04:00  INFO 176426 --- [Rockbitegames] [    Test worker] c.r.observer.MaterialNotificationSender  : ######################################################################################
2024-04-21T16:36:45.575+04:00  INFO 176426 --- [Rockbitegames] [    Test worker] c.r.observer.MaterialNotificationSender  : ---------------------MATERIAL NOTIFICATION: SENDING....-------------------------------
2024-04-21T16:36:45.575+04:00  INFO 176426 --- [Rockbitegames] [    Test worker] c.r.observer.MaterialNotificationSender  : Event, Player 89fd74b6-772f-41d6-941a-5d74ad06a856 warehouse 50175587-0f08-44da-a555-3305a60c0ce7, material fc38ca94-ac2a-4c8b-a853-018668ac0455:  event=MATERIAL IS FULL 
2024-04-21T16:36:45.575+04:00  INFO 176426 --- [Rockbitegames] [    Test worker] c.r.observer.MaterialNotificationSender  : ######################################################################################
2024-04-21T16:36:45.575+04:00  INFO 176426 --- [Rockbitegames] [    Test worker] c.r.o.WarehouseNotificationSender        : ######################################################################################
2024-04-21T16:36:45.575+04:00  INFO 176426 --- [Rockbitegames] [    Test worker] c.r.o.WarehouseNotificationSender        : ---------------------WAREHOUSE NOTIFICATION: SENDING....------------------------------
2024-04-21T16:36:45.575+04:00  INFO 176426 --- [Rockbitegames] [    Test worker] c.r.o.WarehouseNotificationSender        : Event, Player 89fd74b6-772f-41d6-941a-5d74ad06a856 warehouse fc38ca94-ac2a-4c8b-a853-018668ac0455, material IRON:  event=WAREHOUSE: MATERIAL REMOVAL 
2024-04-21T16:36:45.575+04:00  INFO 176426 --- [Rockbitegames] [    Test worker] c.r.o.WarehouseNotificationSender        : ######################################################################################
2024-04-21T16:36:45.575+04:00  INFO 176426 --- [Rockbitegames] [    Test worker] c.rockbitegames.service.MaterialService  : Material 50175587-0f08-44da-a555-3305a60c0ce7 is removed from warehouse fc38ca94-ac2a-4c8b-a853-018668ac0455
2024-04-21T16:36:45.575+04:00  INFO 176426 --- [Rockbitegames] [    Test worker] c.rockbitegames.service.MaterialService  : Player 89fd74b6-772f-41d6-941a-5d74ad06a856, warehouse 2d76a5f0-729c-4c4c-b5a7-b7d24f4cefc0, material IRON could take 0 points.
2024-04-21T16:36:45.575+04:00  INFO 176426 --- [Rockbitegames] [    Test worker] c.r.observer.MaterialNotificationSender  : ######################################################################################
2024-04-21T16:36:45.575+04:00  INFO 176426 --- [Rockbitegames] [    Test worker] c.r.observer.MaterialNotificationSender  : ---------------------MATERIAL NOTIFICATION: SENDING....-------------------------------
2024-04-21T16:36:45.575+04:00  INFO 176426 --- [Rockbitegames] [    Test worker] c.r.observer.MaterialNotificationSender  : Event, Player 89fd74b6-772f-41d6-941a-5d74ad06a856 warehouse 2d76a5f0-729c-4c4c-b5a7-b7d24f4cefc0, material fc38ca94-ac2a-4c8b-a853-018668ac0455:  event=MATERIAL IS FULL 
2024-04-21T16:36:45.575+04:00  INFO 176426 --- [Rockbitegames] [    Test worker] c.r.observer.MaterialNotificationSender  : ######################################################################################
2024-04-21T16:36:45.575+04:00  INFO 176426 --- [Rockbitegames] [    Test worker] c.r.observer.MaterialNotificationSender  : ######################################################################################
2024-04-21T16:36:45.575+04:00  INFO 176426 --- [Rockbitegames] [    Test worker] c.r.observer.MaterialNotificationSender  : ---------------------MATERIAL NOTIFICATION: SENDING....-------------------------------
2024-04-21T16:36:45.575+04:00  INFO 176426 --- [Rockbitegames] [    Test worker] c.r.observer.MaterialNotificationSender  : Event, Player 89fd74b6-772f-41d6-941a-5d74ad06a856 warehouse 50175587-0f08-44da-a555-3305a60c0ce7, material fc38ca94-ac2a-4c8b-a853-018668ac0455:  event=MATERIAL IS FULL 
2024-04-21T16:36:45.576+04:00  INFO 176426 --- [Rockbitegames] [    Test worker] c.r.observer.MaterialNotificationSender  : ######################################################################################
2024-04-21T16:36:45.579+04:00  INFO 176426 --- [Rockbitegames] [    Test worker] c.r.observer.PlayerNotificationSender    : ######################################################################################
2024-04-21T16:36:45.579+04:00  INFO 176426 --- [Rockbitegames] [    Test worker] c.r.observer.PlayerNotificationSender    : ---------------------PLAYER NOTIFICATION: SENDING....----------------------------------
2024-04-21T16:36:45.579+04:00  INFO 176426 --- [Rockbitegames] [    Test worker] c.r.observer.PlayerNotificationSender    : Event, Player 79fd74b6-772f-41d6-941a-5d74ad06a856 warehouse [90432015-5511-4b1e-a31e-4141e2d227be,de7fdebf-d3cf-431d-a455-b537e88929af], material :  event=WAREHOUSE IS CREATED 
2024-04-21T16:36:45.579+04:00  INFO 176426 --- [Rockbitegames] [    Test worker] c.r.observer.PlayerNotificationSender    : ######################################################################################
2024-04-21T16:36:45.579+04:00  INFO 176426 --- [Rockbitegames] [    Test worker] c.rockbitegames.service.MaterialService  : Player 79fd74b6-772f-41d6-941a-5d74ad06a856, warehouse 90432015-5511-4b1e-a31e-4141e2d227be, material IRON could take 100 points.
2024-04-21T16:36:45.579+04:00  INFO 176426 --- [Rockbitegames] [    Test worker] c.rockbitegames.service.MaterialService  : Player 79fd74b6-772f-41d6-941a-5d74ad06a856, warehouse 90432015-5511-4b1e-a31e-4141e2d227be, material IRON capacity is 30 points.
2024-04-21T16:36:45.579+04:00  INFO 176426 --- [Rockbitegames] [    Test worker] c.r.o.WarehouseNotificationSender        : ######################################################################################
2024-04-21T16:36:45.579+04:00  INFO 176426 --- [Rockbitegames] [    Test worker] c.r.o.WarehouseNotificationSender        : ---------------------WAREHOUSE NOTIFICATION: SENDING....------------------------------
2024-04-21T16:36:45.579+04:00  INFO 176426 --- [Rockbitegames] [    Test worker] c.r.o.WarehouseNotificationSender        : Event, Player 79fd74b6-772f-41d6-941a-5d74ad06a856 warehouse fc38ca94-ac2a-4c8b-a853-018668ac0455, material IRON:  event=WAREHOUSE: MATERIAL ADDITION 
2024-04-21T16:36:45.579+04:00  INFO 176426 --- [Rockbitegames] [    Test worker] c.r.o.WarehouseNotificationSender        : ######################################################################################
2024-04-21T16:36:45.579+04:00  INFO 176426 --- [Rockbitegames] [    Test worker] c.r.o.WarehouseNotificationSender        : ######################################################################################
2024-04-21T16:36:45.579+04:00  INFO 176426 --- [Rockbitegames] [    Test worker] c.r.o.WarehouseNotificationSender        : ---------------------WAREHOUSE NOTIFICATION: SENDING....------------------------------
2024-04-21T16:36:45.579+04:00  INFO 176426 --- [Rockbitegames] [    Test worker] c.r.o.WarehouseNotificationSender        : Event, Player 79fd74b6-772f-41d6-941a-5d74ad06a856 warehouse fc38ca94-ac2a-4c8b-a853-018668ac0455, material IRON:  event=WAREHOUSE: MATERIAL REMOVAL 
2024-04-21T16:36:45.579+04:00  INFO 176426 --- [Rockbitegames] [    Test worker] c.r.o.WarehouseNotificationSender        : ######################################################################################
2024-04-21T16:36:45.579+04:00  INFO 176426 --- [Rockbitegames] [    Test worker] c.rockbitegames.service.MaterialService  : Material 90432015-5511-4b1e-a31e-4141e2d227be is removed from warehouse fc38ca94-ac2a-4c8b-a853-018668ac0455
2024-04-21T16:36:45.579+04:00  INFO 176426 --- [Rockbitegames] [    Test worker] c.r.o.WarehouseNotificationSender        : ######################################################################################
2024-04-21T16:36:45.579+04:00  INFO 176426 --- [Rockbitegames] [    Test worker] c.r.o.WarehouseNotificationSender        : ---------------------WAREHOUSE NOTIFICATION: SENDING....------------------------------
2024-04-21T16:36:45.580+04:00  INFO 176426 --- [Rockbitegames] [    Test worker] c.r.o.WarehouseNotificationSender        : Event, Player 79fd74b6-772f-41d6-941a-5d74ad06a856 warehouse fc38ca94-ac2a-4c8b-a853-018668ac0455, material IRON:  event=WAREHOUSE: MATERIAL ADDITION 
2024-04-21T16:36:45.580+04:00  INFO 176426 --- [Rockbitegames] [    Test worker] c.r.o.WarehouseNotificationSender        : ######################################################################################
]]></system-out>
  <system-err><![CDATA[]]></system-err>
</testsuite>
