<?xml version="1.0" encoding="UTF-8"?>
<testsuite name="com.rockbitegames.service.PlayerServiceTest" tests="2" skipped="0" failures="0" errors="0" timestamp="2024-04-20T09:57:49" hostname="garik" time="0.003">
  <properties/>
  <testcase name="getPlayerByUuid()" classname="com.rockbitegames.service.PlayerServiceTest" time="0.001"/>
  <testcase name="createPlayer()" classname="com.rockbitegames.service.PlayerServiceTest" time="0.001"/>
  <system-out><![CDATA[2024-04-20T13:57:49.802+04:00  INFO 129346 --- [Rockbitegames] [    Test worker] t.c.s.AnnotationConfigContextLoaderUtils : Could not detect default configuration classes for test class [com.rockbitegames.service.PlayerServiceTest]: PlayerServiceTest does not declare any static, non-private, non-final, nested classes annotated with @Configuration.
2024-04-20T13:57:49.803+04:00  INFO 129346 --- [Rockbitegames] [    Test worker] .b.t.c.SpringBootTestContextBootstrapper : Found @SpringBootConfiguration com.rockbitegames.RockbitegamesApplication for test class com.rockbitegames.service.PlayerServiceTest
]]></system-out>
  <system-err><![CDATA[]]></system-err>
</testsuite>
