<?xml version="1.0" encoding="UTF-8"?>
<testsuite name="com.rockbitegames.RockbitegamesApplicationTests" tests="1" skipped="0" failures="0" errors="0" timestamp="2024-04-19T06:43:54" hostname="garik" time="0.496">
  <properties/>
  <testcase name="contextLoads()" classname="com.rockbitegames.RockbitegamesApplicationTests" time="0.496"/>
  <system-out><![CDATA[10:43:53.227 [Test worker] INFO org.springframework.test.context.support.AnnotationConfigContextLoaderUtils -- Could not detect default configuration classes for test class [com.rockbitegames.RockbitegamesApplicationTests]: RockbitegamesApplicationTests does not declare any static, non-private, non-final, nested classes annotated with @Configuration.
10:43:53.280 [Test worker] INFO org.springframework.boot.test.context.SpringBootTestContextBootstrapper -- Found @SpringBootConfiguration com.rockbitegames.RockbitegamesApplication for test class com.rockbitegames.RockbitegamesApplicationTests

  .   ____          _            __ _ _
 /\\ / ___'_ __ _ _(_)_ __  __ _ \ \ \ \
( ( )\___ | '_ | '_| | '_ \/ _` | \ \ \ \
 \\/  ___)| |_)| | | | | || (_| |  ) ) ) )
  '  |____| .__|_| |_|_| |_\__, | / / / /
 =========|_|==============|___/=/_/_/_/
 :: Spring Boot ::                (v3.2.4)

2024-04-19T10:43:53.484+04:00  INFO 37639 --- [Rockbitegames] [    Test worker] c.r.RockbitegamesApplicationTests        : Starting RockbitegamesApplicationTests using Java 17.0.9 with PID 37639 (started by garik in /home/garik/Desktop/JAVA-TRAININGS-MINE/rockbitegames)
2024-04-19T10:43:53.485+04:00  INFO 37639 --- [Rockbitegames] [    Test worker] c.r.RockbitegamesApplicationTests        : The following 1 profile is active: "dev"
2024-04-19T10:43:54.258+04:00  INFO 37639 --- [Rockbitegames] [    Test worker] c.r.RockbitegamesApplicationTests        : Started RockbitegamesApplicationTests in 0.902 seconds (process running for 1.448)
]]></system-out>
  <system-err><![CDATA[]]></system-err>
</testsuite>
