<?xml version="1.0" encoding="UTF-8"?>
<testsuite name="com.rockbitegames.RockbitegamesApplicationTests" tests="1" skipped="0" failures="0" errors="0" timestamp="2024-04-21T12:36:45" hostname="garik" time="0.434">
  <properties/>
  <testcase name="contextLoads()" classname="com.rockbitegames.RockbitegamesApplicationTests" time="0.434"/>
  <system-out><![CDATA[16:36:44.147 [Test worker] INFO org.springframework.test.context.support.AnnotationConfigContextLoaderUtils -- Could not detect default configuration classes for test class [com.rockbitegames.RockbitegamesApplicationTests]: RockbitegamesApplicationTests does not declare any static, non-private, non-final, nested classes annotated with @Configuration.
16:36:44.201 [Test worker] INFO org.springframework.boot.test.context.SpringBootTestContextBootstrapper -- Found @SpringBootConfiguration com.rockbitegames.RockbitegamesApplication for test class com.rockbitegames.RockbitegamesApplicationTests

  .   ____          _            __ _ _
 /\\ / ___'_ __ _ _(_)_ __  __ _ \ \ \ \
( ( )\___ | '_ | '_| | '_ \/ _` | \ \ \ \
 \\/  ___)| |_)| | | | | || (_| |  ) ) ) )
  '  |____| .__|_| |_|_| |_\__, | / / / /
 =========|_|==============|___/=/_/_/_/
 :: Spring Boot ::                (v3.2.4)

2024-04-21T16:36:44.402+04:00  INFO 176426 --- [Rockbitegames] [    Test worker] c.r.RockbitegamesApplicationTests        : Starting RockbitegamesApplicationTests using Java 17.0.8 with PID 176426 (started by garik in /home/garik/Desktop/JAVA-TRAININGS-MINE/rockbitegames)
2024-04-21T16:36:44.403+04:00  INFO 176426 --- [Rockbitegames] [    Test worker] c.r.RockbitegamesApplicationTests        : The following 1 profile is active: "test"
2024-04-21T16:36:45.089+04:00  INFO 176426 --- [Rockbitegames] [    Test worker] c.r.RockbitegamesApplicationTests        : Started RockbitegamesApplicationTests in 0.812 seconds (process running for 1.373)
]]></system-out>
  <system-err><![CDATA[]]></system-err>
</testsuite>
