<?xml version="1.0" encoding="UTF-8"?>
<testsuite name="com.rockbitegames.service.WarehouseServiceTest" tests="1" skipped="0" failures="0" errors="0" timestamp="2024-04-20T09:57:49" hostname="garik" time="0.001">
  <properties/>
  <testcase name="createWarehouseWithPlayer()" classname="com.rockbitegames.service.WarehouseServiceTest" time="0.001"/>
  <system-out><![CDATA[2024-04-20T13:57:49.810+04:00  INFO 129346 --- [Rockbitegames] [    Test worker] t.c.s.AnnotationConfigContextLoaderUtils : Could not detect default configuration classes for test class [com.rockbitegames.service.WarehouseServiceTest]: WarehouseServiceTest does not declare any static, non-private, non-final, nested classes annotated with @Configuration.
2024-04-20T13:57:49.811+04:00  INFO 129346 --- [Rockbitegames] [    Test worker] .b.t.c.SpringBootTestContextBootstrapper : Found @SpringBootConfiguration com.rockbitegames.RockbitegamesApplication for test class com.rockbitegames.service.WarehouseServiceTest
2024-04-20T13:57:49.813+04:00  INFO 129346 --- [Rockbitegames] [    Test worker] c.r.observer.PlayerNotificationSender    : ######################################################################################
2024-04-20T13:57:49.813+04:00  INFO 129346 --- [Rockbitegames] [    Test worker] c.r.observer.PlayerNotificationSender    : ---------------------PLAYER NOTIFICATION: SENDING....----------------------------------
2024-04-20T13:57:49.813+04:00  INFO 129346 --- [Rockbitegames] [    Test worker] c.r.observer.PlayerNotificationSender    : Event, Player 69fd74b6-772f-41d6-941a-5d74ad06a853 warehouse [b7f008cc-756f-4b27-b0f4-217779015386], material :  event=WAREHOUSE IS CREATED 
2024-04-20T13:57:49.813+04:00  INFO 129346 --- [Rockbitegames] [    Test worker] c.r.observer.PlayerNotificationSender    : ######################################################################################
]]></system-out>
  <system-err><![CDATA[]]></system-err>
</testsuite>
