<?xml version="1.0" encoding="UTF-8"?>
<testsuite name="com.rockbitegames.RockbitegamesApplicationTests" tests="1" skipped="0" failures="0" errors="0" timestamp="2024-04-20T09:57:49" hostname="garik" time="0.432">
  <properties/>
  <testcase name="contextLoads()" classname="com.rockbitegames.RockbitegamesApplicationTests" time="0.432"/>
  <system-out><![CDATA[13:57:48.345 [Test worker] INFO org.springframework.test.context.support.AnnotationConfigContextLoaderUtils -- Could not detect default configuration classes for test class [com.rockbitegames.RockbitegamesApplicationTests]: RockbitegamesApplicationTests does not declare any static, non-private, non-final, nested classes annotated with @Configuration.
13:57:48.399 [Test worker] INFO org.springframework.boot.test.context.SpringBootTestContextBootstrapper -- Found @SpringBootConfiguration com.rockbitegames.RockbitegamesApplication for test class com.rockbitegames.RockbitegamesApplicationTests

  .   ____          _            __ _ _
 /\\ / ___'_ __ _ _(_)_ __  __ _ \ \ \ \
( ( )\___ | '_ | '_| | '_ \/ _` | \ \ \ \
 \\/  ___)| |_)| | | | | || (_| |  ) ) ) )
  '  |____| .__|_| |_|_| |_\__, | / / / /
 =========|_|==============|___/=/_/_/_/
 :: Spring Boot ::                (v3.2.4)

2024-04-20T13:57:48.602+04:00  INFO 129346 --- [Rockbitegames] [    Test worker] c.r.RockbitegamesApplicationTests        : Starting RockbitegamesApplicationTests using Java 17.0.8 with PID 129346 (started by garik in /home/garik/Desktop/JAVA-TRAININGS-MINE/rockbitegames)
2024-04-20T13:57:48.603+04:00  INFO 129346 --- [Rockbitegames] [    Test worker] c.r.RockbitegamesApplicationTests        : The following 1 profile is active: "test"
2024-04-20T13:57:49.310+04:00  INFO 129346 --- [Rockbitegames] [    Test worker] c.r.RockbitegamesApplicationTests        : Started RockbitegamesApplicationTests in 0.837 seconds (process running for 1.389)
]]></system-out>
  <system-err><![CDATA[]]></system-err>
</testsuite>
