<?xml version="1.0" encoding="UTF-8"?>
<testsuite name="com.rockbitegames.service.WarehouseServiceTest" tests="1" skipped="0" failures="0" errors="0" timestamp="2024-04-19T06:43:54" hostname="garik" time="0.003">
  <properties/>
  <testcase name="createWarehouseWithPlayer()" classname="com.rockbitegames.service.WarehouseServiceTest" time="0.003"/>
  <system-out><![CDATA[2024-04-19T10:43:54.829+04:00  INFO 37639 --- [Rockbitegames] [    Test worker] t.c.s.AnnotationConfigContextLoaderUtils : Could not detect default configuration classes for test class [com.rockbitegames.service.WarehouseServiceTest]: WarehouseServiceTest does not declare any static, non-private, non-final, nested classes annotated with @Configuration.
2024-04-19T10:43:54.830+04:00  INFO 37639 --- [Rockbitegames] [    Test worker] .b.t.c.SpringBootTestContextBootstrapper : Found @SpringBootConfiguration com.rockbitegames.RockbitegamesApplication for test class com.rockbitegames.service.WarehouseServiceTest
2024-04-19T10:43:54.833+04:00  INFO 37639 --- [Rockbitegames] [    Test worker] c.r.observer.PlayerNotificationSender    : ######################################################################################
2024-04-19T10:43:54.833+04:00  INFO 37639 --- [Rockbitegames] [    Test worker] c.r.observer.PlayerNotificationSender    : ---------------------PLAYER NOTIFICATION: SENDING....----------------------------------
2024-04-19T10:43:54.833+04:00  INFO 37639 --- [Rockbitegames] [    Test worker] c.r.observer.PlayerNotificationSender    : Event, Player 69fd74b6-772f-41d6-941a-5d74ad06a853 warehouse [61c6109a-f084-486c-83b0-77a0142c101e], material :  event=WAREHOUSE IS CREATED 
2024-04-19T10:43:54.833+04:00  INFO 37639 --- [Rockbitegames] [    Test worker] c.r.observer.PlayerNotificationSender    : ######################################################################################
]]></system-out>
  <system-err><![CDATA[]]></system-err>
</testsuite>
